[Licensing::Module] Trying to connect to existing licensing client channel...
Built from '6000.2/respin/6000.2.6f2-cc51a95c03' branch; Version is '6000.2.6f2 (4a4dcaec6541) revision 4869578'; Using compiler version '194234433'; Build Type 'Release'
[Licensing::IpcConnector] Successfully connected to: "LicenseClient-Lauren" at "2025-12-06T20:13:38.8312054Z"
OS: 'Windows 10  (10.0.19045) 64bit Professional' Language: 'en' Physical Memory: 32678 MB
BatchMode: 1, IsHumanControllingUs: 0, StartBugReporterOnCrash: 0, Is64bit: 1
Date: 2025-12-06T20:13:38Z

COMMAND LINE ARGUMENTS:
D:\Unity\Unity Hub\6000.2.6f2\Editor\Unity.exe
-adb2
-batchMode
-noUpm
-name
AssetImportWorker0
-projectPath
D:/Github/capstone-blue-9
-logFile
Logs/AssetImportWorker0.log
-srvPort
57070
-licensingIpc
LicenseClient-Lauren
-job-worker-count
5
-background-job-worker-count
8
-gc-helper-count
1
-name
AssetImport
Successfully changed project path to: D:/Github/capstone-blue-9
D:/Github/capstone-blue-9
[UnityMemory] Configuration Parameters - Can be set up in boot.config
    "memorysetup-allocator-temp-initial-block-size-main=262144"
    "memorysetup-allocator-temp-initial-block-size-worker=262144"
    "memorysetup-bucket-allocator-granularity=16"
    "memorysetup-bucket-allocator-bucket-count=8"
    "memorysetup-bucket-allocator-block-size=33554432"
    "memorysetup-bucket-allocator-block-count=8"
    "memorysetup-main-allocator-block-size=16777216"
    "memorysetup-thread-allocator-block-size=16777216"
    "memorysetup-gfx-main-allocator-block-size=16777216"
    "memorysetup-gfx-thread-allocator-block-size=16777216"
    "memorysetup-cache-allocator-block-size=4194304"
    "memorysetup-typetree-allocator-block-size=2097152"
    "memorysetup-profiler-bucket-allocator-granularity=16"
    "memorysetup-profiler-bucket-allocator-bucket-count=8"
    "memorysetup-profiler-bucket-allocator-block-size=33554432"
    "memorysetup-profiler-bucket-allocator-block-count=8"
    "memorysetup-profiler-allocator-block-size=16777216"
    "memorysetup-profiler-editor-allocator-block-size=1048576"
    "memorysetup-temp-allocator-size-main=16777216"
    "memorysetup-job-temp-allocator-block-size=2097152"
    "memorysetup-job-temp-allocator-block-size-background=1048576"
    "memorysetup-job-temp-allocator-reduction-small-platforms=262144"
    "memorysetup-temp-allocator-size-background-worker=32768"
    "memorysetup-temp-allocator-size-job-worker=262144"
    "memorysetup-temp-allocator-size-preload-manager=33554432"
    "memorysetup-temp-allocator-size-nav-mesh-worker=65536"
    "memorysetup-temp-allocator-size-audio-worker=65536"
    "memorysetup-temp-allocator-size-cloud-worker=32768"
    "memorysetup-temp-allocator-size-gi-baking-worker=262144"
    "memorysetup-temp-allocator-size-gi-baking-worker=262144"
    "memorysetup-temp-allocator-size-gi-baking-worker=262144"
    "memorysetup-temp-allocator-size-gi-baking-worker=262144"
    "memorysetup-temp-allocator-size-gi-baking-worker=262144"
    "memorysetup-temp-allocator-size-gfx=262144"
Player connection [20176]  Target information:

Player connection [20176]  * "[IP] 192.168.1.15 [Port] 0 [Flags] 2 [Guid] 3153060447 [EditorId] 3153060447 [Version] 1048832 [Id] WindowsEditor(7,DESKTOP-S9CFLFA) [Debug] 1 [PackageName] WindowsEditor [ProjectName] Editor" 

Player connection [20176] Host joined multi-casting on [225.0.0.222:54997]...
Player connection [20176] Host joined alternative multi-casting on [225.0.0.222:34997]...
JobSystem: Creating JobQueue using job-worker-count value 5
Input System module state changed to: Initialized.
[Physics::Module] Initialized fallback backend.
[Physics::Module] Id: 0xdecafbad
[Licensing::Client] Code 10 while verifying Licensing Client signature (process Id: 18092, path: "D:/Unity/Unity Hub/UnityLicensingClient_V1/Unity.Licensing.Client.exe")
[Licensing::Module] LicensingClient has failed validation; ignoring
[Licensing::Client] Handshaking with LicensingClient:
  Version:                 1.17.3+a4e98f1
  Session Id:              2f3d0a3c0af344c7a14e65191242893c
  Correlation Id:          c0625e8253afedc0a4cf0e2a936e83e1
  External correlation Id: 1138718185013672320
  Machine Id:              4GIfTaqO41iHwZzbosBj5Bf2tSc=
[Licensing::Module] Successfully connected to LicensingClient on channel: "LicenseClient-Lauren" (connect: 0.00s, validation: 0.01s, handshake: 0.05s)
[Licensing::IpcConnector] Successfully connected to: "LicenseClient-Lauren-notifications" at "2025-12-06T20:13:38.8942409Z"
[Licensing::Module] Licensing Background thread has ended after 0.06s
Library Redirect Path: Library/
[Physics::Module] Selected backend.
[Physics::Module] Name: PhysX
[Physics::Module] Id: 0xf2b8ea05
[Physics::Module] SDK Version: 4.1.2
[Physics::Module] Integration Version: 1.0.0
[Physics::Module] Threading Mode: Multi-Threaded
Refreshing native plugins compatible for Editor in 44.19 ms, found 6 plugins.
Preloading 2 native plugins for Editor in 3.97 ms.
Initialize engine version: 6000.2.6f2 (4a4dcaec6541)
[Subsystems] Discovering subsystems at path D:/Unity/Unity Hub/6000.2.6f2/Editor/Data/Resources/UnitySubsystems
[Subsystems] Discovering subsystems at path D:/Github/capstone-blue-9/Assets
GfxDevice: creating device client; kGfxThreadingModeNonThreaded
d3d12: failed to query info queue interface (0x80004002).
Direct3D:
    Version:         Direct3D 12 [level 12.1]
    Renderer:        NVIDIA GeForce RTX 2080 (ID=0x1e87)
    Vendor:          NVIDIA
    VRAM:            7987 MB
    App VRAM Budget: 7219 MB
    Driver:          32.0.15.6094
Initialize mono
Mono path[0] = 'D:/Unity/Unity Hub/6000.2.6f2/Editor/Data/Managed'
Mono path[1] = 'D:/Unity/Unity Hub/6000.2.6f2/Editor/Data/MonoBleedingEdge/lib/mono/unityjit-win32'
Mono config path = 'D:/Unity/Unity Hub/6000.2.6f2/Editor/Data/MonoBleedingEdge/etc'
Using monoOptions --debugger-agent=transport=dt_socket,embedding=1,server=y,suspend=n,address=127.0.0.1:56788
Begin MonoManager ReloadAssembly
Registering precompiled unity dll's ...
Register platform support module: D:/Unity/Unity Hub/6000.2.6f2/Editor/Data/PlaybackEngines/WindowsStandaloneSupport/UnityEditor.WindowsStandalone.Extensions.dll
[Licensing::Client] Successfully resolved entitlement details
[Licensing::Module] License group:
  Id: 2474789491112-UnityPersXXXX
  Product: Unity Personal
  Type: Assigned
  Expiration: Unlimited
Register platform support module: D:/Unity/Unity Hub/6000.2.6f2/Editor/Data/PlaybackEngines/iOSSupport/UnityEditor.iOS.Extensions.dll
Registered in 0.004722 seconds.
- Loaded All Assemblies, in  0.695 seconds
[usbmuxd] Start listen thread
[usbmuxd] Listen thread started
Native extension for iOS target not found
Native extension for WindowsStandalone target not found
Mono: successfully reloaded assembly
- Finished resetting the current domain, in  0.537 seconds
Domain Reload Profiling: 1232ms
	BeginReloadAssembly (238ms)
		ExecutionOrderSort (0ms)
		DisableScriptedObjects (0ms)
		BackupInstance (0ms)
		ReleaseScriptingObjects (0ms)
		CreateAndSetChildDomain (1ms)
	RebuildCommonClasses (56ms)
	RebuildNativeTypeToScriptingClass (18ms)
	initialDomainReloadingComplete (91ms)
	LoadAllAssembliesAndSetupDomain (292ms)
		LoadAssemblies (238ms)
		RebuildTransferFunctionScriptingTraits (0ms)
		AnalyzeDomain (286ms)
			TypeCache.Refresh (284ms)
				TypeCache.ScanAssembly (262ms)
			BuildScriptInfoCaches (0ms)
			ResolveRequiredComponents (1ms)
	FinalizeReload (538ms)
		ReleaseScriptCaches (0ms)
		RebuildScriptCaches (0ms)
		SetupLoadedEditorAssemblies (486ms)
			LogAssemblyErrors (0ms)
			InitializePlatformSupportModulesInManaged (92ms)
			SetLoadedEditorAssemblies (5ms)
			BeforeProcessingInitializeOnLoad (107ms)
			ProcessInitializeOnLoadAttributes (198ms)
			ProcessInitializeOnLoadMethodAttributes (84ms)
			AfterProcessingInitializeOnLoad (0ms)
			EditorAssembliesLoaded (0ms)
		ExecutionOrderSort2 (0ms)
		AwakeInstancesAfterBackupRestoration (0ms)
========================================================================
Worker process is ready to serve import requests
Import Worker Mode flag is 0x00
Begin MonoManager ReloadAssembly
[Licensing::Client] Successfully resolved entitlement details
Symbol file LoadedFromMemory is not a mono symbol file
- Loaded All Assemblies, in  1.075 seconds
Refreshing native plugins compatible for Editor in 6.25 ms, found 6 plugins.
Native extension for iOS target not found
Native extension for WindowsStandalone target not found
Package Manager log level set to [2]
[Package Manager] Failed to launch server process. Reason: Unity was launched with the -noUpm command-line argument
[Package Manager] Unable to send message (not connected to server process).
[Package Manager] Cannot connect to Unity Package Manager local server
Mono: successfully reloaded assembly
- Finished resetting the current domain, in  0.886 seconds
Domain Reload Profiling: 1961ms
	BeginReloadAssembly (310ms)
		ExecutionOrderSort (0ms)
		DisableScriptedObjects (10ms)
		BackupInstance (0ms)
		ReleaseScriptingObjects (0ms)
		CreateAndSetChildDomain (48ms)
	RebuildCommonClasses (58ms)
	RebuildNativeTypeToScriptingClass (16ms)
	initialDomainReloadingComplete (51ms)
	LoadAllAssembliesAndSetupDomain (639ms)
		LoadAssemblies (517ms)
		RebuildTransferFunctionScriptingTraits (0ms)
		AnalyzeDomain (311ms)
			TypeCache.Refresh (253ms)
				TypeCache.ScanAssembly (232ms)
			BuildScriptInfoCaches (45ms)
			ResolveRequiredComponents (10ms)
	FinalizeReload (887ms)
		ReleaseScriptCaches (0ms)
		RebuildScriptCaches (0ms)
		SetupLoadedEditorAssemblies (713ms)
			LogAssemblyErrors (0ms)
			InitializePlatformSupportModulesInManaged (12ms)
			SetLoadedEditorAssemblies (6ms)
			BeforeProcessingInitializeOnLoad (151ms)
			ProcessInitializeOnLoadAttributes (497ms)
			ProcessInitializeOnLoadMethodAttributes (43ms)
			AfterProcessingInitializeOnLoad (3ms)
			EditorAssembliesLoaded (0ms)
		ExecutionOrderSort2 (0ms)
		AwakeInstancesAfterBackupRestoration (10ms)
Launched and connected shader compiler UnityShaderCompiler.exe after 0.02 seconds
Refreshing native plugins compatible for Editor in 3.97 ms, found 6 plugins.
Preloading 2 native plugins for Editor in 0.06 ms.
Unloading 2 Unused Serialized files (Serialized files now loaded: 0)
Unloading 3923 unused Assets / (0.9 MB). Loaded Objects now: 4545.
Memory consumption went from 90.8 MB to 90.0 MB.
Total: 7.460400 ms (FindLiveObjects: 0.482200 ms CreateObjectMapping: 0.297300 ms MarkObjects: 5.430100 ms  DeleteObjects: 1.249100 ms)

========================================================================
Received Import Request.
  Time since last request: 1276659.643051 seconds.
  path: Assets/HardArtcore/UI/SimpleIcons/Sprites/Icons/Line/ic_target_lines.png
  artifactKey: Guid(3d5bb62438a825840a0183fcd276158b) Importer(815301076,1909f56bfc062723c751e8b465ee728b)
Start importing Assets/HardArtcore/UI/SimpleIcons/Sprites/Icons/Line/ic_target_lines.png using Guid(3d5bb62438a825840a0183fcd276158b) Importer(815301076,1909f56bfc062723c751e8b465ee728b) (PreviewImporter) -> (artifact id: '4cd7a8e7b303e56c33be6069b83ff6e1') in 0.1628719 seconds
Number of updated asset objects reloaded before import = 0Number of asset objects unloaded after import = 3

========================================================================
Received Import Request.
  Time since last request: 0.000028 seconds.
  path: Assets/HardArtcore/UI/SimpleIcons/Sprites/Icons/Filled/ic_settings_fill.png
  artifactKey: Guid(8452abb2d4dd7c74082bf85e6aa21c58) Importer(815301076,1909f56bfc062723c751e8b465ee728b)
Start importing Assets/HardArtcore/UI/SimpleIcons/Sprites/Icons/Filled/ic_settings_fill.png using Guid(8452abb2d4dd7c74082bf85e6aa21c58) Importer(815301076,1909f56bfc062723c751e8b465ee728b) (PreviewImporter) -> (artifact id: '533b324f6d86bb293452bbe9e6b5220d') in 0.0219936 seconds
Number of updated asset objects reloaded before import = 0Number of asset objects unloaded after import = 3

========================================================================
Received Import Request.
  Time since last request: 0.000019 seconds.
  path: Assets/HardArtcore/UI/SimpleIcons/Sprites/Icons/Line/ic_refresh_lines.png
  artifactKey: Guid(f4adc899f40cd5641932e4a278ecfc8d) Importer(815301076,1909f56bfc062723c751e8b465ee728b)
Start importing Assets/HardArtcore/UI/SimpleIcons/Sprites/Icons/Line/ic_refresh_lines.png using Guid(f4adc899f40cd5641932e4a278ecfc8d) Importer(815301076,1909f56bfc062723c751e8b465ee728b) (PreviewImporter) -> (artifact id: '31fd54e20ab1416e6fac8bf197a45636') in 0.0198954 seconds
Number of updated asset objects reloaded before import = 0Number of asset objects unloaded after import = 3

========================================================================
Received Import Request.
  Time since last request: 0.000019 seconds.
  path: Assets/HardArtcore/UI/SimpleIcons/Sprites/Icons/Border/ic_like.png
  artifactKey: Guid(58cd45b782d6b1d4f82afbf7d89ef245) Importer(815301076,1909f56bfc062723c751e8b465ee728b)
Start importing Assets/HardArtcore/UI/SimpleIcons/Sprites/Icons/Border/ic_like.png using Guid(58cd45b782d6b1d4f82afbf7d89ef245) Importer(815301076,1909f56bfc062723c751e8b465ee728b) (PreviewImporter) -> (artifact id: '23fd78f319033108d3d2b56a73731614') in 0.0201784 seconds
Number of updated asset objects reloaded before import = 0Number of asset objects unloaded after import = 3

========================================================================
Received Import Request.
  Time since last request: 0.000024 seconds.
  path: Assets/HardArtcore/UI/SimpleIcons/Sprites/Icons/Line/ic_profile_lines.png
  artifactKey: Guid(4f6d0b34bb028d547b68077bf128e809) Importer(815301076,1909f56bfc062723c751e8b465ee728b)
Start importing Assets/HardArtcore/UI/SimpleIcons/Sprites/Icons/Line/ic_profile_lines.png using Guid(4f6d0b34bb028d547b68077bf128e809) Importer(815301076,1909f56bfc062723c751e8b465ee728b) (PreviewImporter) -> (artifact id: 'a44845c14344691f21f2e7f009ac6a61') in 0.0202238 seconds
Number of updated asset objects reloaded before import = 0Number of asset objects unloaded after import = 3

========================================================================
Received Import Request.
  Time since last request: 0.000017 seconds.
  path: Assets/HardArtcore/UI/SimpleIcons/Sprites/Icons/Filled/ic_love_fill.png
  artifactKey: Guid(6e3fa42627507324a9216d5a0b67c6ab) Importer(815301076,1909f56bfc062723c751e8b465ee728b)
Start importing Assets/HardArtcore/UI/SimpleIcons/Sprites/Icons/Filled/ic_love_fill.png using Guid(6e3fa42627507324a9216d5a0b67c6ab) Importer(815301076,1909f56bfc062723c751e8b465ee728b) (PreviewImporter) -> (artifact id: '4b8639a7a7b3dbb04a97d91ea5d60d0e') in 0.0201045 seconds
Number of updated asset objects reloaded before import = 0Number of asset objects unloaded after import = 3

========================================================================
Received Import Request.
  Time since last request: 0.000025 seconds.
  path: Assets/HardArtcore/UI/SimpleIcons/Sprites/Icons/Border/ic_shopping_cart.png
  artifactKey: Guid(1ab3b305bafe6b94490edc6ae0c1429a) Importer(815301076,1909f56bfc062723c751e8b465ee728b)
Start importing Assets/HardArtcore/UI/SimpleIcons/Sprites/Icons/Border/ic_shopping_cart.png using Guid(1ab3b305bafe6b94490edc6ae0c1429a) Importer(815301076,1909f56bfc062723c751e8b465ee728b) (PreviewImporter) -> (artifact id: 'c2f868feb05d25f458502c8f16b026db') in 0.020759 seconds
Number of updated asset objects reloaded before import = 0Number of asset objects unloaded after import = 3

========================================================================
Received Import Request.
  Time since last request: 0.000019 seconds.
  path: Assets/HardArtcore/UI/SimpleIcons/Sprites/Icons/Border/ic_leaderboards.png
  artifactKey: Guid(37de8a0b797115643b2b32708374bf16) Importer(815301076,1909f56bfc062723c751e8b465ee728b)
Start importing Assets/HardArtcore/UI/SimpleIcons/Sprites/Icons/Border/ic_leaderboards.png using Guid(37de8a0b797115643b2b32708374bf16) Importer(815301076,1909f56bfc062723c751e8b465ee728b) (PreviewImporter) -> (artifact id: 'ded659f86a5bf612f32661ae9f398080') in 0.0202064 seconds
Number of updated asset objects reloaded before import = 0Number of asset objects unloaded after import = 3

========================================================================
Received Import Request.
  Time since last request: 0.000020 seconds.
  path: Assets/HardArtcore/UI/SimpleIcons/Sprites/Icons/Border/ic_settings.png
  artifactKey: Guid(8e6a83ba661a3c4409e4f4071e4bb2d2) Importer(815301076,1909f56bfc062723c751e8b465ee728b)
Start importing Assets/HardArtcore/UI/SimpleIcons/Sprites/Icons/Border/ic_settings.png using Guid(8e6a83ba661a3c4409e4f4071e4bb2d2) Importer(815301076,1909f56bfc062723c751e8b465ee728b) (PreviewImporter) -> (artifact id: 'fa183ab934a28ef289f920926ebd674b') in 0.0229922 seconds
Number of updated asset objects reloaded before import = 0Number of asset objects unloaded after import = 3

========================================================================
Received Import Request.
  Time since last request: 0.000016 seconds.
  path: Assets/HardArtcore/UI/SimpleIcons/Sprites/Icons/Filled/ic_stopwatch_fill.png
  artifactKey: Guid(d04fea1956b63a14389da59a2d3913b9) Importer(815301076,1909f56bfc062723c751e8b465ee728b)
Start importing Assets/HardArtcore/UI/SimpleIcons/Sprites/Icons/Filled/ic_stopwatch_fill.png using Guid(d04fea1956b63a14389da59a2d3913b9) Importer(815301076,1909f56bfc062723c751e8b465ee728b) (PreviewImporter) -> (artifact id: '88dd79dcc936728a2c47aeefb692568a') in 0.0192399 seconds
Number of updated asset objects reloaded before import = 0Number of asset objects unloaded after import = 3

========================================================================
Received Import Request.
  Time since last request: 0.000021 seconds.
  path: Assets/HardArtcore/UI/SimpleIcons/Sprites/Icons/Filled/ic_target_fill.png
  artifactKey: Guid(2a6e227e9ead7434abf879abd1020a85) Importer(815301076,1909f56bfc062723c751e8b465ee728b)
Start importing Assets/HardArtcore/UI/SimpleIcons/Sprites/Icons/Filled/ic_target_fill.png using Guid(2a6e227e9ead7434abf879abd1020a85) Importer(815301076,1909f56bfc062723c751e8b465ee728b) (PreviewImporter) -> (artifact id: 'fd63a697bbf7caee082d8e1fb28aea2e') in 0.0199496 seconds
Number of updated asset objects reloaded before import = 0Number of asset objects unloaded after import = 3

========================================================================
Received Import Request.
  Time since last request: 0.000020 seconds.
  path: Assets/HardArtcore/UI/SimpleIcons/Sprites/Icons/Filled/ic_star_fill.png
  artifactKey: Guid(b027bb2e22f732745931532824ff039f) Importer(815301076,1909f56bfc062723c751e8b465ee728b)
Start importing Assets/HardArtcore/UI/SimpleIcons/Sprites/Icons/Filled/ic_star_fill.png using Guid(b027bb2e22f732745931532824ff039f) Importer(815301076,1909f56bfc062723c751e8b465ee728b) (PreviewImporter) -> (artifact id: 'fa8a7567352eb48a1ffa423abb38f684') in 0.021364 seconds
Number of updated asset objects reloaded before import = 0Number of asset objects unloaded after import = 3

========================================================================
Received Import Request.
  Time since last request: 0.000022 seconds.
  path: Assets/HardArtcore/UI/SimpleIcons/Sprites/Icons/Line/ic_cursor_lines.png
  artifactKey: Guid(93d44f94b151ef74e97262d278fdd901) Importer(815301076,1909f56bfc062723c751e8b465ee728b)
Start importing Assets/HardArtcore/UI/SimpleIcons/Sprites/Icons/Line/ic_cursor_lines.png using Guid(93d44f94b151ef74e97262d278fdd901) Importer(815301076,1909f56bfc062723c751e8b465ee728b) (PreviewImporter) -> (artifact id: '2b5cb0aa7956ca34f0db974c3a88338d') in 0.0197839 seconds
Number of updated asset objects reloaded before import = 0Number of asset objects unloaded after import = 3

========================================================================
Received Import Request.
  Time since last request: 0.000019 seconds.
  path: Assets/HardArtcore/UI/SimpleIcons/Sprites/Icons/Filled/ic_leaderboards_fill.png
  artifactKey: Guid(7add32d41d9584c42becac5dcb28ca93) Importer(815301076,1909f56bfc062723c751e8b465ee728b)
Start importing Assets/HardArtcore/UI/SimpleIcons/Sprites/Icons/Filled/ic_leaderboards_fill.png using Guid(7add32d41d9584c42becac5dcb28ca93) Importer(815301076,1909f56bfc062723c751e8b465ee728b) (PreviewImporter) -> (artifact id: '45f2f270c35f7ee009bec4e58001527b') in 0.020114 seconds
Number of updated asset objects reloaded before import = 0Number of asset objects unloaded after import = 3

========================================================================
Received Import Request.
  Time since last request: 0.000019 seconds.
  path: Assets/HardArtcore/UI/SimpleIcons/Sprites/Icons/Line/ic_volume_off_lines.png
  artifactKey: Guid(154c115e95bd4d5408c5d128bdedaa97) Importer(815301076,1909f56bfc062723c751e8b465ee728b)
Start importing Assets/HardArtcore/UI/SimpleIcons/Sprites/Icons/Line/ic_volume_off_lines.png using Guid(154c115e95bd4d5408c5d128bdedaa97) Importer(815301076,1909f56bfc062723c751e8b465ee728b) (PreviewImporter) -> (artifact id: '1a5bc49943c5468ff008d2375fa8feb2') in 0.0200162 seconds
Number of updated asset objects reloaded before import = 0Number of asset objects unloaded after import = 3

========================================================================
Received Import Request.
  Time since last request: 0.000029 seconds.
  path: Assets/HardArtcore/UI/SimpleIcons/Sprites/Icons/Filled/ic_minus_fill.png
  artifactKey: Guid(8cff2a6f2f0b2dd47beaebfa7681c7c6) Importer(815301076,1909f56bfc062723c751e8b465ee728b)
Start importing Assets/HardArtcore/UI/SimpleIcons/Sprites/Icons/Filled/ic_minus_fill.png using Guid(8cff2a6f2f0b2dd47beaebfa7681c7c6) Importer(815301076,1909f56bfc062723c751e8b465ee728b) (PreviewImporter) -> (artifact id: 'd0459441845da7eabf9bcfc47cd67d52') in 0.0198122 seconds
Number of updated asset objects reloaded before import = 0Number of asset objects unloaded after import = 3

========================================================================
Received Import Request.
  Time since last request: 0.000020 seconds.
  path: Assets/HardArtcore/UI/SimpleIcons/Sprites/Icons/Line/ic_star_lines.png
  artifactKey: Guid(e4b265b2840eb4648a9c1c95a2aa7708) Importer(815301076,1909f56bfc062723c751e8b465ee728b)
Start importing Assets/HardArtcore/UI/SimpleIcons/Sprites/Icons/Line/ic_star_lines.png using Guid(e4b265b2840eb4648a9c1c95a2aa7708) Importer(815301076,1909f56bfc062723c751e8b465ee728b) (PreviewImporter) -> (artifact id: '9e732017bbd9445d8eebab4ccd06deb1') in 0.0198927 seconds
Number of updated asset objects reloaded before import = 0Number of asset objects unloaded after import = 3

========================================================================
Received Import Request.
  Time since last request: 0.000016 seconds.
  path: Assets/HardArtcore/UI/SimpleIcons/Sprites/Icons/Border/ic_music_on.png
  artifactKey: Guid(cd513428145ffd14b97b1297f0899494) Importer(815301076,1909f56bfc062723c751e8b465ee728b)
Start importing Assets/HardArtcore/UI/SimpleIcons/Sprites/Icons/Border/ic_music_on.png using Guid(cd513428145ffd14b97b1297f0899494) Importer(815301076,1909f56bfc062723c751e8b465ee728b) (PreviewImporter) -> (artifact id: '5762d1b28af1c14138558d2479138e48') in 0.0206561 seconds
Number of updated asset objects reloaded before import = 0Number of asset objects unloaded after import = 3

========================================================================
Received Import Request.
  Time since last request: 0.000018 seconds.
  path: Assets/HardArtcore/UI/SimpleIcons/Sprites/Icons/Filled/ic_energy_fill.png
  artifactKey: Guid(c74100bfd891cf749a8e26f08e6a3cd8) Importer(815301076,1909f56bfc062723c751e8b465ee728b)
Start importing Assets/HardArtcore/UI/SimpleIcons/Sprites/Icons/Filled/ic_energy_fill.png using Guid(c74100bfd891cf749a8e26f08e6a3cd8) Importer(815301076,1909f56bfc062723c751e8b465ee728b) (PreviewImporter) -> (artifact id: '7dd901b61f8ff070b66a2a6b0c5875a3') in 0.019356 seconds
Number of updated asset objects reloaded before import = 0Number of asset objects unloaded after import = 3

========================================================================
Received Import Request.
  Time since last request: 0.000018 seconds.
  path: Assets/HardArtcore/UI/SimpleIcons/Sprites/Icons/Line/ic_settings_lines.png
  artifactKey: Guid(cc1e432753e1192479cbe24a8507f0bc) Importer(815301076,1909f56bfc062723c751e8b465ee728b)
Start importing Assets/HardArtcore/UI/SimpleIcons/Sprites/Icons/Line/ic_settings_lines.png using Guid(cc1e432753e1192479cbe24a8507f0bc) Importer(815301076,1909f56bfc062723c751e8b465ee728b) (PreviewImporter) -> (artifact id: '11b7c0808c41708187ff005e55cc19f9') in 0.0196762 seconds
Number of updated asset objects reloaded before import = 0Number of asset objects unloaded after import = 3

========================================================================
Received Import Request.
  Time since last request: 0.000020 seconds.
  path: Assets/HardArtcore/UI/SimpleIcons/Sprites/Icons/Filled/ic_volume_on_fill.png
  artifactKey: Guid(6c37ad118c0f60140a1aa6f39b1e9828) Importer(815301076,1909f56bfc062723c751e8b465ee728b)
Start importing Assets/HardArtcore/UI/SimpleIcons/Sprites/Icons/Filled/ic_volume_on_fill.png using Guid(6c37ad118c0f60140a1aa6f39b1e9828) Importer(815301076,1909f56bfc062723c751e8b465ee728b) (PreviewImporter) -> (artifact id: '30806ff26804f62c7225391a55188748') in 0.0195564 seconds
Number of updated asset objects reloaded before import = 0Number of asset objects unloaded after import = 3

========================================================================
Received Import Request.
  Time since last request: 0.000020 seconds.
  path: Assets/HardArtcore/UI/SimpleIcons/Sprites/Icons/Border/ic_share.png
  artifactKey: Guid(8a5259b7f068ff84286b6d52cf0444ff) Importer(815301076,1909f56bfc062723c751e8b465ee728b)
Start importing Assets/HardArtcore/UI/SimpleIcons/Sprites/Icons/Border/ic_share.png using Guid(8a5259b7f068ff84286b6d52cf0444ff) Importer(815301076,1909f56bfc062723c751e8b465ee728b) (PreviewImporter) -> (artifact id: '8e466d79ab6f8608c86ba366401f80a1') in 0.0195357 seconds
Number of updated asset objects reloaded before import = 0Number of asset objects unloaded after import = 3

========================================================================
Received Import Request.
  Time since last request: 0.000022 seconds.
  path: Assets/HardArtcore/UI/SimpleIcons/Sprites/Icons/Border/ic_energy.png
  artifactKey: Guid(711c2bfa1fb4f9b46b1270a1853d9d53) Importer(815301076,1909f56bfc062723c751e8b465ee728b)
Start importing Assets/HardArtcore/UI/SimpleIcons/Sprites/Icons/Border/ic_energy.png using Guid(711c2bfa1fb4f9b46b1270a1853d9d53) Importer(815301076,1909f56bfc062723c751e8b465ee728b) (PreviewImporter) -> (artifact id: '34b82dee1c55e3d8b186aaa514a20aa4') in 0.0209477 seconds
Number of updated asset objects reloaded before import = 0Number of asset objects unloaded after import = 3

========================================================================
Received Import Request.
  Time since last request: 0.000019 seconds.
  path: Assets/HardArtcore/UI/SimpleIcons/Sprites/Icons/Line/ic_magnet_lines.png
  artifactKey: Guid(61d59919d8849f54f8936e18a22e6078) Importer(815301076,1909f56bfc062723c751e8b465ee728b)
Start importing Assets/HardArtcore/UI/SimpleIcons/Sprites/Icons/Line/ic_magnet_lines.png using Guid(61d59919d8849f54f8936e18a22e6078) Importer(815301076,1909f56bfc062723c751e8b465ee728b) (PreviewImporter) -> (artifact id: '9a01c00e4075ac3b271b72a114b9da22') in 0.0205157 seconds
Number of updated asset objects reloaded before import = 0Number of asset objects unloaded after import = 3

========================================================================
Received Import Request.
  Time since last request: 0.000019 seconds.
  path: Assets/HardArtcore/UI/SimpleIcons/Sprites/Icons/Border/ic_magnet.png
  artifactKey: Guid(a972156ea3d195f439f1eff2437516b8) Importer(815301076,1909f56bfc062723c751e8b465ee728b)
Start importing Assets/HardArtcore/UI/SimpleIcons/Sprites/Icons/Border/ic_magnet.png using Guid(a972156ea3d195f439f1eff2437516b8) Importer(815301076,1909f56bfc062723c751e8b465ee728b) (PreviewImporter) -> (artifact id: '51c6a6e6c39291951b23f2c06255ec30') in 0.0201645 seconds
Number of updated asset objects reloaded before import = 0Number of asset objects unloaded after import = 3

========================================================================
Received Import Request.
  Time since last request: 0.000020 seconds.
  path: Assets/HardArtcore/UI/SimpleIcons/Sprites/Icons/Line/ic_stopwatch_lines.png
  artifactKey: Guid(bbefd27ea63a76c438edcdcdff6b0a2c) Importer(815301076,1909f56bfc062723c751e8b465ee728b)
Start importing Assets/HardArtcore/UI/SimpleIcons/Sprites/Icons/Line/ic_stopwatch_lines.png using Guid(bbefd27ea63a76c438edcdcdff6b0a2c) Importer(815301076,1909f56bfc062723c751e8b465ee728b) (PreviewImporter) -> (artifact id: '4a834ad98909852fc287d726f1a5ecb9') in 0.0198471 seconds
Number of updated asset objects reloaded before import = 0Number of asset objects unloaded after import = 3

========================================================================
Received Import Request.
  Time since last request: 0.000032 seconds.
  path: Assets/HardArtcore/UI/SimpleIcons/Sprites/Icons/Border/ic_store.png
  artifactKey: Guid(4ae51f75cd49a6e44bd08095f8d3a211) Importer(815301076,1909f56bfc062723c751e8b465ee728b)
Start importing Assets/HardArtcore/UI/SimpleIcons/Sprites/Icons/Border/ic_store.png using Guid(4ae51f75cd49a6e44bd08095f8d3a211) Importer(815301076,1909f56bfc062723c751e8b465ee728b) (PreviewImporter) -> (artifact id: '0ffaadcc0a59c5735bf9ab78afa25d17') in 0.020703 seconds
Number of updated asset objects reloaded before import = 0Number of asset objects unloaded after import = 3

========================================================================
Received Import Request.
  Time since last request: 0.000020 seconds.
  path: Assets/HardArtcore/UI/SimpleIcons/Sprites/Icons/Line/ic_love_lines.png
  artifactKey: Guid(3dab3171727647d4f864ba5880f94651) Importer(815301076,1909f56bfc062723c751e8b465ee728b)
Start importing Assets/HardArtcore/UI/SimpleIcons/Sprites/Icons/Line/ic_love_lines.png using Guid(3dab3171727647d4f864ba5880f94651) Importer(815301076,1909f56bfc062723c751e8b465ee728b) (PreviewImporter) -> (artifact id: 'aea1918dbcd03c8c933d04f29f0c7025') in 0.0203223 seconds
Number of updated asset objects reloaded before import = 0Number of asset objects unloaded after import = 3

========================================================================
Received Import Request.
  Time since last request: 0.000021 seconds.
  path: Assets/HardArtcore/UI/SimpleIcons/Sprites/Icons/Line/ic_music_on_lines.png
  artifactKey: Guid(7310f09ec5afd774e8c8c177dc16db6d) Importer(815301076,1909f56bfc062723c751e8b465ee728b)
Start importing Assets/HardArtcore/UI/SimpleIcons/Sprites/Icons/Line/ic_music_on_lines.png using Guid(7310f09ec5afd774e8c8c177dc16db6d) Importer(815301076,1909f56bfc062723c751e8b465ee728b) (PreviewImporter) -> (artifact id: '174cce4e3d4f5f663dec0b5b082d4227') in 0.0216423 seconds
Number of updated asset objects reloaded before import = 0Number of asset objects unloaded after import = 3

========================================================================
Received Import Request.
  Time since last request: 0.000017 seconds.
  path: Assets/HardArtcore/UI/SimpleIcons/Sprites/Icons/Border/ic_refresh.png
  artifactKey: Guid(aa2f9476030fe6d479136e2e9ab28fee) Importer(815301076,1909f56bfc062723c751e8b465ee728b)
Start importing Assets/HardArtcore/UI/SimpleIcons/Sprites/Icons/Border/ic_refresh.png using Guid(aa2f9476030fe6d479136e2e9ab28fee) Importer(815301076,1909f56bfc062723c751e8b465ee728b) (PreviewImporter) -> (artifact id: '17727757f20ecd18978af4f3bbdb52ba') in 0.0185072 seconds
Number of updated asset objects reloaded before import = 0Number of asset objects unloaded after import = 3

========================================================================
Received Import Request.
  Time since last request: 5.429789 seconds.
  path: Assets/HardArtcore/UI/SimpleIcons/Sprites/Icons/Line/ic_close_lines.png
  artifactKey: Guid(a3d0d2d37121e274d87a86f834197299) Importer(815301076,1909f56bfc062723c751e8b465ee728b)
Start importing Assets/HardArtcore/UI/SimpleIcons/Sprites/Icons/Line/ic_close_lines.png using Guid(a3d0d2d37121e274d87a86f834197299) Importer(815301076,1909f56bfc062723c751e8b465ee728b) (PreviewImporter) -> (artifact id: '830de02c7baaee794ed8b4b10249298c') in 0.0192937 seconds
Number of updated asset objects reloaded before import = 0Number of asset objects unloaded after import = 3

========================================================================
Received Import Request.
  Time since last request: 0.008422 seconds.
  path: Assets/HardArtcore/UI/SimpleIcons/Sprites/Icons/Border/ic_cursor.png
  artifactKey: Guid(94e33189afcecda468a78c7b8a81687f) Importer(815301076,1909f56bfc062723c751e8b465ee728b)
Start importing Assets/HardArtcore/UI/SimpleIcons/Sprites/Icons/Border/ic_cursor.png using Guid(94e33189afcecda468a78c7b8a81687f) Importer(815301076,1909f56bfc062723c751e8b465ee728b) (PreviewImporter) -> (artifact id: '342e09ea7f5f88021e7f73699338cc75') in 0.0185164 seconds
Number of updated asset objects reloaded before import = 0Number of asset objects unloaded after import = 3

========================================================================
Received Import Request.
  Time since last request: 0.042605 seconds.
  path: Assets/HardArtcore/UI/SimpleIcons/Sprites/Icons/Line/ic_announcement_lines.png
  artifactKey: Guid(290cc9e59bdcc18499725e2b24b6c967) Importer(815301076,1909f56bfc062723c751e8b465ee728b)
Start importing Assets/HardArtcore/UI/SimpleIcons/Sprites/Icons/Line/ic_announcement_lines.png using Guid(290cc9e59bdcc18499725e2b24b6c967) Importer(815301076,1909f56bfc062723c751e8b465ee728b) (PreviewImporter) -> (artifact id: '4561aca98e5fba8aa5ac6f446db74190') in 0.0198061 seconds
Number of updated asset objects reloaded before import = 0Number of asset objects unloaded after import = 3

========================================================================
Received Import Request.
  Time since last request: 0.001270 seconds.
  path: Assets/HardArtcore/UI/SimpleIcons/Sprites/Icons/Line/ic_backpack_lines.png
  artifactKey: Guid(530af13a7706e0b41b829ef624438332) Importer(815301076,1909f56bfc062723c751e8b465ee728b)
Start importing Assets/HardArtcore/UI/SimpleIcons/Sprites/Icons/Line/ic_backpack_lines.png using Guid(530af13a7706e0b41b829ef624438332) Importer(815301076,1909f56bfc062723c751e8b465ee728b) (PreviewImporter) -> (artifact id: '6dff47a1936b72a3240975d4512f3d74') in 0.0218454 seconds
Number of updated asset objects reloaded before import = 0Number of asset objects unloaded after import = 3

========================================================================
Received Import Request.
  Time since last request: 0.026697 seconds.
  path: Assets/HardArtcore/UI/SimpleIcons/Sprites/Icons/Filled/ic_achievements_fill.png
  artifactKey: Guid(b27e5b154d0e0994a8ad4454fb1bc7b9) Importer(815301076,1909f56bfc062723c751e8b465ee728b)
Start importing Assets/HardArtcore/UI/SimpleIcons/Sprites/Icons/Filled/ic_achievements_fill.png using Guid(b27e5b154d0e0994a8ad4454fb1bc7b9) Importer(815301076,1909f56bfc062723c751e8b465ee728b) (PreviewImporter) -> (artifact id: 'f11e101a043053f2750a2fe97fb3ea17') in 0.0186264 seconds
Number of updated asset objects reloaded before import = 0Number of asset objects unloaded after import = 3

Editor requested this worker to shutdown with reason: Scaling down because of idle timeout
AssetImportWorker is now disconnected from the server
Process exiting
Exiting without the bug reporter. Application will terminate with return code 0