Unity Editor version:    6000.0.35f1 (9a3bc604008a)
Branch:                  6000.0/release
Build type:              Release
Batch mode:              YES
macOS version:           Version 15.6.1 (Build 24G90)
Darwin version:          24.6.0
Architecture:            x86_64
Running under Rosetta:   NO
Available memory:        8192 MB
Using pre-set license
Pro License: YES

COMMAND LINE ARGUMENTS:
/Applications/Unity/Hub/Editor/6000.0.35f1/Unity.app/Contents/MacOS/Unity
-adb2
-batchMode
-noUpm
-name
AssetImportWorker2
-projectPath
/Users/rythamachevendra/Documents/GitHub/capstone-blue-9
-logFile
Logs/AssetImportWorker2.log
-srvPort
59041
-job-worker-count
3
-background-job-worker-count
8
-gc-helper-count
1
Successfully changed project path to: /Users/rythamachevendra/Documents/GitHub/capstone-blue-9
/Users/rythamachevendra/Documents/GitHub/capstone-blue-9
[UnityMemory] Configuration Parameters - Can be set up in boot.config
    "memorysetup-bucket-allocator-granularity=16"
    "memorysetup-bucket-allocator-bucket-count=8"
    "memorysetup-bucket-allocator-block-size=33554432"
    "memorysetup-bucket-allocator-block-count=8"
    "memorysetup-main-allocator-block-size=16777216"
    "memorysetup-thread-allocator-block-size=16777216"
    "memorysetup-gfx-main-allocator-block-size=16777216"
    "memorysetup-gfx-thread-allocator-block-size=16777216"
    "memorysetup-cache-allocator-block-size=4194304"
    "memorysetup-typetree-allocator-block-size=2097152"
    "memorysetup-profiler-bucket-allocator-granularity=16"
    "memorysetup-profiler-bucket-allocator-bucket-count=8"
    "memorysetup-profiler-bucket-allocator-block-size=33554432"
    "memorysetup-profiler-bucket-allocator-block-count=8"
    "memorysetup-profiler-allocator-block-size=16777216"
    "memorysetup-profiler-editor-allocator-block-size=1048576"
    "memorysetup-temp-allocator-size-main=16777216"
    "memorysetup-job-temp-allocator-block-size=2097152"
    "memorysetup-job-temp-allocator-block-size-background=1048576"
    "memorysetup-job-temp-allocator-reduction-small-platforms=262144"
    "memorysetup-allocator-temp-initial-block-size-main=262144"
    "memorysetup-allocator-temp-initial-block-size-worker=262144"
    "memorysetup-temp-allocator-size-background-worker=32768"
    "memorysetup-temp-allocator-size-job-worker=262144"
    "memorysetup-temp-allocator-size-preload-manager=33554432"
    "memorysetup-temp-allocator-size-nav-mesh-worker=65536"
    "memorysetup-temp-allocator-size-audio-worker=65536"
    "memorysetup-temp-allocator-size-cloud-worker=32768"
    "memorysetup-temp-allocator-size-gi-baking-worker=262144"
    "memorysetup-temp-allocator-size-gi-baking-worker=262144"
    "memorysetup-temp-allocator-size-gi-baking-worker=262144"
    "memorysetup-temp-allocator-size-gi-baking-worker=262144"
    "memorysetup-temp-allocator-size-gi-baking-worker=262144"
    "memorysetup-temp-allocator-size-gfx=262144"
Player connection [140704489594752]  Target information:

Player connection [140704489594752]  * "[IP] 172.25.146.164 [Port] 0 [Flags] 2 [Guid] 3771949054 [EditorId] 3771949054 [Version] 1048832 [Id] OSXEditor(0,Rythamas-MacBook-Air.local) [Debug] 1 [PackageName] OSXEditor [ProjectName] Editor" 

Player connection [140704489594752] Host joined multi-casting on [225.0.0.222:54997]...
Player connection [140704489594752] Host joined alternative multi-casting on [225.0.0.222:34997]...
JobSystem: Creating JobQueue using job-worker-count value 3
Input System module state changed to: Initialized.
[Physics::Module] Initialized fallback backend.
[Physics::Module] Id: 0xdecafbad
Library Redirect Path: Library/
[Physics::Module] Selected backend.
[Physics::Module] Name: PhysX
[Physics::Module] Id: 0xf2b8ea05
[Physics::Module] SDK Version: 4.1.2
[Physics::Module] Integration Version: 1.0.0
[Physics::Module] Threading Mode: Multi-Threaded
Refreshing native plugins compatible for Editor in 37.24 ms, found 6 plugins.
Preloading 4 native plugins for Editor in 384.39 ms.
Initialize engine version: 6000.0.35f1 (9a3bc604008a)
[Subsystems] Discovering subsystems at path /Applications/Unity/Hub/Editor/6000.0.35f1/Unity.app/Contents/Resources/UnitySubsystems
[Subsystems] Discovering subsystems at path /Users/rythamachevendra/Documents/GitHub/capstone-blue-9/Assets
GfxDevice: creating device client; kGfxThreadingModeNonThreaded
Color LCD preferred device: Intel(R) Iris(TM) Plus Graphics (low power)
Metal devices available: 1
0: Intel(R) Iris(TM) Plus Graphics (low power)
Using device Intel(R) Iris(TM) Plus Graphics (low power)
Initializing Metal device caps: Intel(R) Iris(TM) Plus Graphics
Initialize mono
Mono path[0] = '/Applications/Unity/Hub/Editor/6000.0.35f1/Unity.app/Contents/Managed'
Mono path[1] = '/Applications/Unity/Hub/Editor/6000.0.35f1/Unity.app/Contents/MonoBleedingEdge/lib/mono/unityjit-macos'
Mono config path = '/Applications/Unity/Hub/Editor/6000.0.35f1/Unity.app/Contents/MonoBleedingEdge/etc'
Using monoOptions --debugger-agent=transport=dt_socket,embedding=1,server=y,suspend=n,address=127.0.0.1:56795
Begin MonoManager ReloadAssembly
Registering precompiled unity dll's ...
Register platform support module: /Applications/Unity/Hub/Editor/6000.0.35f1/Unity.app/Contents/PlaybackEngines/MacStandaloneSupport/UnityEditor.OSXStandalone.Extensions.dll
Register platform support module: /Applications/Unity/Hub/Editor/6000.0.35f1/PlaybackEngines/VisionOSPlayer/UnityEditor.VisionOS.Extensions.dll
Register platform support module: /Applications/Unity/Hub/Editor/6000.0.35f1/PlaybackEngines/iOSSupport/UnityEditor.iOS.Extensions.dll
Registered in 0.009297 seconds.
- Loaded All Assemblies, in  2.905 seconds
[usbmuxd] Start listen thread
[usbmuxd] Listen thread started
[usbmuxd] Send listen message
Native extension for iOS target not found
2025-10-29 13:33:15.997 Unity[7795:320351] [XcodeApplications] Failed to read NSDictionary from path /Contents/Info.plist
objc[7795]: Class XcodeScriptingDelegate is implemented in both /Applications/Unity/Hub/Editor/6000.0.35f1/PlaybackEngines/iOSSupport/x64/UnityEditor.iOS.Native.dylib (0x1557245f8) and /Applications/Unity/Hub/Editor/6000.0.35f1/PlaybackEngines/VisionOSPlayer/x64/UnityEditor.VisionOS.Native.dylib (0x1557a45f8). This may cause spurious casting failures and mysterious crashes. One of the duplicates must be removed or renamed.
[usbmuxd] Start listen thread
[usbmuxd] Listen thread started
[usbmuxd] Send listen message
Native extension for VisionOS target not found
Native extension for OSXStandalone target not found
Mono: successfully reloaded assembly
- Finished resetting the current domain, in  3.212 seconds
Domain Reload Profiling: 6119ms
	BeginReloadAssembly (1034ms)
		ExecutionOrderSort (0ms)
		DisableScriptedObjects (0ms)
		BackupInstance (0ms)
		ReleaseScriptingObjects (0ms)
		CreateAndSetChildDomain (6ms)
	RebuildCommonClasses (300ms)
	RebuildNativeTypeToScriptingClass (88ms)
	initialDomainReloadingComplete (442ms)
	LoadAllAssembliesAndSetupDomain (1040ms)
		LoadAssemblies (1032ms)
		RebuildTransferFunctionScriptingTraits (0ms)
		AnalyzeDomain (1011ms)
			TypeCache.Refresh (998ms)
				TypeCache.ScanAssembly (932ms)
			BuildScriptInfoCaches (1ms)
			ResolveRequiredComponents (6ms)
	FinalizeReload (3214ms)
		ReleaseScriptCaches (0ms)
		RebuildScriptCaches (0ms)
		SetupLoadedEditorAssemblies (2955ms)
			LogAssemblyErrors (0ms)
			InitializePlatformSupportModulesInManaged (1006ms)
			SetLoadedEditorAssemblies (35ms)
			BeforeProcessingInitializeOnLoad (396ms)
			ProcessInitializeOnLoadAttributes (1199ms)
			ProcessInitializeOnLoadMethodAttributes (318ms)
			AfterProcessingInitializeOnLoad (0ms)
			EditorAssembliesLoaded (0ms)
		ExecutionOrderSort2 (0ms)
		AwakeInstancesAfterBackupRestoration (0ms)
========================================================================
Worker process is ready to serve import requests
Import Worker Mode flag is 0x00
Begin MonoManager ReloadAssembly
Symbol file LoadedFromMemory is not a mono symbol file
- Loaded All Assemblies, in  6.038 seconds
Refreshing native plugins compatible for Editor in 21.31 ms, found 6 plugins.
Native extension for iOS target not found
2025-10-29 13:33:27.382 Unity[7795:320351] [XcodeApplications] Failed to read NSDictionary from path /Contents/Info.plist
Native extension for VisionOS target not found
Native extension for OSXStandalone target not found
Mono: successfully reloaded assembly
- Finished resetting the current domain, in  4.289 seconds
Domain Reload Profiling: 10315ms
	BeginReloadAssembly (1022ms)
		ExecutionOrderSort (0ms)
		DisableScriptedObjects (33ms)
		BackupInstance (0ms)
		ReleaseScriptingObjects (0ms)
		CreateAndSetChildDomain (238ms)
	RebuildCommonClasses (255ms)
	RebuildNativeTypeToScriptingClass (86ms)
	initialDomainReloadingComplete (231ms)
	LoadAllAssembliesAndSetupDomain (4429ms)
		LoadAssemblies (3283ms)
		RebuildTransferFunctionScriptingTraits (0ms)
		AnalyzeDomain (1703ms)
			TypeCache.Refresh (1471ms)
				TypeCache.ScanAssembly (1253ms)
			BuildScriptInfoCaches (151ms)
			ResolveRequiredComponents (50ms)
	FinalizeReload (4291ms)
		ReleaseScriptCaches (0ms)
		RebuildScriptCaches (0ms)
		SetupLoadedEditorAssemblies (3461ms)
			LogAssemblyErrors (0ms)
			InitializePlatformSupportModulesInManaged (172ms)
			SetLoadedEditorAssemblies (23ms)
			BeforeProcessingInitializeOnLoad (1188ms)
			ProcessInitializeOnLoadAttributes (1921ms)
			ProcessInitializeOnLoadMethodAttributes (152ms)
			AfterProcessingInitializeOnLoad (3ms)
			EditorAssembliesLoaded (2ms)
		ExecutionOrderSort2 (0ms)
		AwakeInstancesAfterBackupRestoration (18ms)
Launching external process: /Applications/Unity/Hub/Editor/6000.0.35f1/Unity.app/Contents/Tools/UnityShaderCompiler
Launched and connected shader compiler UnityShaderCompiler after 0.96 seconds
Refreshing native plugins compatible for Editor in 6.35 ms, found 6 plugins.
Preloading 4 native plugins for Editor in 38.80 ms.
Unloading 58 Unused Serialized files (Serialized files now loaded: 0)
Unloading 3882 unused Assets / (1.7 MB). Loaded Objects now: 4509.
Memory consumption went from 106.8 MB to 105.2 MB.
Total: 38.603610 ms (FindLiveObjects: 9.595804 ms CreateObjectMapping: 0.755857 ms MarkObjects: 21.862044 ms  DeleteObjects: 6.387610 ms)

========================================================================
Received Prepare
Begin MonoManager ReloadAssembly
Symbol file LoadedFromMemory is not a mono symbol file
- Loaded All Assemblies, in  2.538 seconds
Refreshing native plugins compatible for Editor in 14.87 ms, found 6 plugins.
Native extension for iOS target not found
2025-10-29 13:38:37.239 Unity[7795:320351] [XcodeApplications] Failed to read NSDictionary from path /Contents/Info.plist
Native extension for VisionOS target not found
Native extension for OSXStandalone target not found
Mono: successfully reloaded assembly
- Finished resetting the current domain, in  1.930 seconds
Domain Reload Profiling: 4476ms
	BeginReloadAssembly (977ms)
		ExecutionOrderSort (0ms)
		DisableScriptedObjects (30ms)
		BackupInstance (0ms)
		ReleaseScriptingObjects (1ms)
		CreateAndSetChildDomain (442ms)
	RebuildCommonClasses (102ms)
	RebuildNativeTypeToScriptingClass (26ms)
	initialDomainReloadingComplete (86ms)
	LoadAllAssembliesAndSetupDomain (1354ms)
		LoadAssemblies (1265ms)
		RebuildTransferFunctionScriptingTraits (0ms)
		AnalyzeDomain (469ms)
			TypeCache.Refresh (58ms)
				TypeCache.ScanAssembly (0ms)
			BuildScriptInfoCaches (372ms)
			ResolveRequiredComponents (23ms)
	FinalizeReload (1931ms)
		ReleaseScriptCaches (0ms)
		RebuildScriptCaches (0ms)
		SetupLoadedEditorAssemblies (1621ms)
			LogAssemblyErrors (0ms)
			InitializePlatformSupportModulesInManaged (89ms)
			SetLoadedEditorAssemblies (11ms)
			BeforeProcessingInitializeOnLoad (321ms)
			ProcessInitializeOnLoadAttributes (1112ms)
			ProcessInitializeOnLoadMethodAttributes (85ms)
			AfterProcessingInitializeOnLoad (3ms)
			EditorAssembliesLoaded (1ms)
		ExecutionOrderSort2 (0ms)
		AwakeInstancesAfterBackupRestoration (10ms)
Refreshing native plugins compatible for Editor in 2.94 ms, found 6 plugins.
Preloading 4 native plugins for Editor in 17.94 ms.
Unloading 7 Unused Serialized files (Serialized files now loaded: 0)
Unloading 3880 unused Assets / (1.7 MB). Loaded Objects now: 4510.
Memory consumption went from 100.7 MB to 99.0 MB.
Total: 16.300080 ms (FindLiveObjects: 0.594929 ms CreateObjectMapping: 0.494414 ms MarkObjects: 11.778986 ms  DeleteObjects: 3.429116 ms)

Prepare: number of updated asset objects reloaded= 0
========================================================================
Received Prepare
Begin MonoManager ReloadAssembly
Symbol file LoadedFromMemory is not a mono symbol file
- Loaded All Assemblies, in  3.421 seconds
Refreshing native plugins compatible for Editor in 15.31 ms, found 6 plugins.
Native extension for iOS target not found
2025-10-29 14:23:46.105 Unity[7795:320351] [XcodeApplications] Failed to read NSDictionary from path /Contents/Info.plist
Native extension for VisionOS target not found
Native extension for OSXStandalone target not found
Mono: successfully reloaded assembly
- Finished resetting the current domain, in  2.575 seconds
Domain Reload Profiling: 6007ms
	BeginReloadAssembly (1258ms)
		ExecutionOrderSort (1ms)
		DisableScriptedObjects (66ms)
		BackupInstance (0ms)
		ReleaseScriptingObjects (2ms)
		CreateAndSetChildDomain (450ms)
	RebuildCommonClasses (128ms)
	RebuildNativeTypeToScriptingClass (38ms)
	initialDomainReloadingComplete (110ms)
	LoadAllAssembliesAndSetupDomain (1896ms)
		LoadAssemblies (1674ms)
		RebuildTransferFunctionScriptingTraits (0ms)
		AnalyzeDomain (713ms)
			TypeCache.Refresh (49ms)
				TypeCache.ScanAssembly (0ms)
			BuildScriptInfoCaches (629ms)
			ResolveRequiredComponents (20ms)
	FinalizeReload (2577ms)
		ReleaseScriptCaches (0ms)
		RebuildScriptCaches (0ms)
		SetupLoadedEditorAssemblies (2166ms)
			LogAssemblyErrors (0ms)
			InitializePlatformSupportModulesInManaged (114ms)
			SetLoadedEditorAssemblies (19ms)
			BeforeProcessingInitializeOnLoad (418ms)
			ProcessInitializeOnLoadAttributes (1504ms)
			ProcessInitializeOnLoadMethodAttributes (106ms)
			AfterProcessingInitializeOnLoad (4ms)
			EditorAssembliesLoaded (1ms)
		ExecutionOrderSort2 (0ms)
		AwakeInstancesAfterBackupRestoration (12ms)
Refreshing native plugins compatible for Editor in 5.87 ms, found 6 plugins.
Preloading 4 native plugins for Editor in 25.02 ms.
Unloading 6 Unused Serialized files (Serialized files now loaded: 0)
Unloading 3880 unused Assets / (1.3 MB). Loaded Objects now: 4510.
Memory consumption went from 103.1 MB to 101.8 MB.
Total: 21.445512 ms (FindLiveObjects: 0.728008 ms CreateObjectMapping: 0.901905 ms MarkObjects: 16.957086 ms  DeleteObjects: 2.855316 ms)

Prepare: number of updated asset objects reloaded= 0
========================================================================
Received Prepare
Begin MonoManager ReloadAssembly
Symbol file LoadedFromMemory is not a mono symbol file
- Loaded All Assemblies, in  2.792 seconds
Refreshing native plugins compatible for Editor in 4.35 ms, found 6 plugins.
Native extension for iOS target not found
2025-10-29 14:25:27.959 Unity[7795:320351] [XcodeApplications] Failed to read NSDictionary from path /Contents/Info.plist
Native extension for VisionOS target not found
Native extension for OSXStandalone target not found
Mono: successfully reloaded assembly
- Finished resetting the current domain, in  2.825 seconds
Domain Reload Profiling: 5625ms
	BeginReloadAssembly (928ms)
		ExecutionOrderSort (0ms)
		DisableScriptedObjects (35ms)
		BackupInstance (0ms)
		ReleaseScriptingObjects (1ms)
		CreateAndSetChildDomain (305ms)
	RebuildCommonClasses (163ms)
	RebuildNativeTypeToScriptingClass (47ms)
	initialDomainReloadingComplete (103ms)
	LoadAllAssembliesAndSetupDomain (1557ms)
		LoadAssemblies (1279ms)
		RebuildTransferFunctionScriptingTraits (0ms)
		AnalyzeDomain (731ms)
			TypeCache.Refresh (26ms)
				TypeCache.ScanAssembly (0ms)
			BuildScriptInfoCaches (672ms)
			ResolveRequiredComponents (20ms)
	FinalizeReload (2827ms)
		ReleaseScriptCaches (0ms)
		RebuildScriptCaches (0ms)
		SetupLoadedEditorAssemblies (2336ms)
			LogAssemblyErrors (0ms)
			InitializePlatformSupportModulesInManaged (138ms)
			SetLoadedEditorAssemblies (17ms)
			BeforeProcessingInitializeOnLoad (411ms)
			ProcessInitializeOnLoadAttributes (1648ms)
			ProcessInitializeOnLoadMethodAttributes (118ms)
			AfterProcessingInitializeOnLoad (4ms)
			EditorAssembliesLoaded (1ms)
		ExecutionOrderSort2 (0ms)
		AwakeInstancesAfterBackupRestoration (15ms)
Refreshing native plugins compatible for Editor in 5.24 ms, found 6 plugins.
Preloading 4 native plugins for Editor in 30.23 ms.
Unloading 6 Unused Serialized files (Serialized files now loaded: 0)
Unloading 3880 unused Assets / (1.6 MB). Loaded Objects now: 4510.
Memory consumption went from 105.6 MB to 104.1 MB.
Total: 21.017916 ms (FindLiveObjects: 0.942324 ms CreateObjectMapping: 0.937297 ms MarkObjects: 14.300506 ms  DeleteObjects: 4.834745 ms)

Prepare: number of updated asset objects reloaded= 0
========================================================================
Received Import Request.
  Time since last request: 28986.253498 seconds.
  path: Assets/Editor/Vuforia
  artifactKey: Guid(3b318b5996063a14d95c24c308870509) Importer(815301076,1909f56bfc062723c751e8b465ee728b)
Start importing Assets/Editor/Vuforia using Guid(3b318b5996063a14d95c24c308870509) Importer(815301076,1909f56bfc062723c751e8b465ee728b) (PreviewImporter) -> (artifact id: 'd61d4b1fea93e71ff7aa40865b5c0d00') in 0.251145385 seconds
Number of updated asset objects reloaded before import = 0Number of asset objects unloaded after import = 0

========================================================================
Received Prepare
Begin MonoManager ReloadAssembly
Symbol file LoadedFromMemory is not a mono symbol file
- Loaded All Assemblies, in  3.227 seconds
Refreshing native plugins compatible for Editor in 2.49 ms, found 6 plugins.
Native extension for iOS target not found
2025-10-29 14:29:54.983 Unity[7795:320351] [XcodeApplications] Failed to read NSDictionary from path /Contents/Info.plist
Native extension for VisionOS target not found
Native extension for OSXStandalone target not found
Mono: successfully reloaded assembly
- Finished resetting the current domain, in  2.494 seconds
Domain Reload Profiling: 5730ms
	BeginReloadAssembly (912ms)
		ExecutionOrderSort (0ms)
		DisableScriptedObjects (37ms)
		BackupInstance (0ms)
		ReleaseScriptingObjects (1ms)
		CreateAndSetChildDomain (294ms)
	RebuildCommonClasses (129ms)
	RebuildNativeTypeToScriptingClass (33ms)
	initialDomainReloadingComplete (165ms)
	LoadAllAssembliesAndSetupDomain (1994ms)
		LoadAssemblies (1604ms)
		RebuildTransferFunctionScriptingTraits (0ms)
		AnalyzeDomain (819ms)
			TypeCache.Refresh (90ms)
				TypeCache.ScanAssembly (0ms)
			BuildScriptInfoCaches (694ms)
			ResolveRequiredComponents (20ms)
	FinalizeReload (2497ms)
		ReleaseScriptCaches (0ms)
		RebuildScriptCaches (0ms)
		SetupLoadedEditorAssemblies (2145ms)
			LogAssemblyErrors (0ms)
			InitializePlatformSupportModulesInManaged (98ms)
			SetLoadedEditorAssemblies (9ms)
			BeforeProcessingInitializeOnLoad (350ms)
			ProcessInitializeOnLoadAttributes (1574ms)
			ProcessInitializeOnLoadMethodAttributes (111ms)
			AfterProcessingInitializeOnLoad (5ms)
			EditorAssembliesLoaded (1ms)
		ExecutionOrderSort2 (0ms)
		AwakeInstancesAfterBackupRestoration (13ms)
Refreshing native plugins compatible for Editor in 3.93 ms, found 6 plugins.
Preloading 4 native plugins for Editor in 25.30 ms.
Unloading 6 Unused Serialized files (Serialized files now loaded: 0)
Unloading 3880 unused Assets / (1.4 MB). Loaded Objects now: 4512.
Memory consumption went from 108.7 MB to 107.3 MB.
Total: 22.436389 ms (FindLiveObjects: 1.600471 ms CreateObjectMapping: 0.706442 ms MarkObjects: 16.113457 ms  DeleteObjects: 4.012347 ms)

Prepare: number of updated asset objects reloaded= 0
========================================================================
Received Prepare
Begin MonoManager ReloadAssembly
Symbol file LoadedFromMemory is not a mono symbol file
- Loaded All Assemblies, in  3.200 seconds
Refreshing native plugins compatible for Editor in 4.26 ms, found 6 plugins.
Native extension for iOS target not found
2025-10-29 14:31:07.965 Unity[7795:320351] [XcodeApplications] Failed to read NSDictionary from path /Contents/Info.plist
Native extension for VisionOS target not found
Native extension for OSXStandalone target not found
Mono: successfully reloaded assembly
- Finished resetting the current domain, in  3.318 seconds
Domain Reload Profiling: 6525ms
	BeginReloadAssembly (789ms)
		ExecutionOrderSort (0ms)
		DisableScriptedObjects (51ms)
		BackupInstance (0ms)
		ReleaseScriptingObjects (1ms)
		CreateAndSetChildDomain (336ms)
	RebuildCommonClasses (137ms)
	RebuildNativeTypeToScriptingClass (44ms)
	initialDomainReloadingComplete (83ms)
	LoadAllAssembliesAndSetupDomain (2151ms)
		LoadAssemblies (1642ms)
		RebuildTransferFunctionScriptingTraits (0ms)
		AnalyzeDomain (737ms)
			TypeCache.Refresh (30ms)
				TypeCache.ScanAssembly (0ms)
			BuildScriptInfoCaches (662ms)
			ResolveRequiredComponents (26ms)
	FinalizeReload (3320ms)
		ReleaseScriptCaches (0ms)
		RebuildScriptCaches (0ms)
		SetupLoadedEditorAssemblies (2729ms)
			LogAssemblyErrors (0ms)
			InitializePlatformSupportModulesInManaged (100ms)
			SetLoadedEditorAssemblies (17ms)
			BeforeProcessingInitializeOnLoad (659ms)
			ProcessInitializeOnLoadAttributes (1781ms)
			ProcessInitializeOnLoadMethodAttributes (167ms)
			AfterProcessingInitializeOnLoad (4ms)
			EditorAssembliesLoaded (1ms)
		ExecutionOrderSort2 (0ms)
		AwakeInstancesAfterBackupRestoration (15ms)
Refreshing native plugins compatible for Editor in 6.89 ms, found 6 plugins.
Preloading 4 native plugins for Editor in 44.29 ms.
Unloading 6 Unused Serialized files (Serialized files now loaded: 0)
Unloading 3880 unused Assets / (1.7 MB). Loaded Objects now: 4512.
Memory consumption went from 111.2 MB to 109.5 MB.
Total: 30.264042 ms (FindLiveObjects: 1.410943 ms CreateObjectMapping: 1.128817 ms MarkObjects: 21.589844 ms  DeleteObjects: 6.129991 ms)

Prepare: number of updated asset objects reloaded= 0
========================================================================
Received Prepare
Begin MonoManager ReloadAssembly
Symbol file LoadedFromMemory is not a mono symbol file
- Loaded All Assemblies, in  2.982 seconds
Refreshing native plugins compatible for Editor in 6.77 ms, found 6 plugins.
Native extension for iOS target not found
2025-10-29 14:37:03.351 Unity[7795:320351] [XcodeApplications] Failed to read NSDictionary from path /Contents/Info.plist
Native extension for VisionOS target not found
Native extension for OSXStandalone target not found
Mono: successfully reloaded assembly
- Finished resetting the current domain, in  1.242 seconds
Domain Reload Profiling: 4232ms
	BeginReloadAssembly (950ms)
		ExecutionOrderSort (0ms)
		DisableScriptedObjects (58ms)
		BackupInstance (0ms)
		ReleaseScriptingObjects (1ms)
		CreateAndSetChildDomain (300ms)
	RebuildCommonClasses (92ms)
	RebuildNativeTypeToScriptingClass (38ms)
	initialDomainReloadingComplete (156ms)
	LoadAllAssembliesAndSetupDomain (1752ms)
		LoadAssemblies (1584ms)
		RebuildTransferFunctionScriptingTraits (0ms)
		AnalyzeDomain (554ms)
			TypeCache.Refresh (81ms)
				TypeCache.ScanAssembly (3ms)
			BuildScriptInfoCaches (417ms)
			ResolveRequiredComponents (36ms)
	FinalizeReload (1243ms)
		ReleaseScriptCaches (0ms)
		RebuildScriptCaches (0ms)
		SetupLoadedEditorAssemblies (996ms)
			LogAssemblyErrors (0ms)
			InitializePlatformSupportModulesInManaged (59ms)
			SetLoadedEditorAssemblies (7ms)
			BeforeProcessingInitializeOnLoad (188ms)
			ProcessInitializeOnLoadAttributes (689ms)
			ProcessInitializeOnLoadMethodAttributes (51ms)
			AfterProcessingInitializeOnLoad (2ms)
			EditorAssembliesLoaded (0ms)
		ExecutionOrderSort2 (0ms)
		AwakeInstancesAfterBackupRestoration (7ms)
Refreshing native plugins compatible for Editor in 3.83 ms, found 6 plugins.
Preloading 4 native plugins for Editor in 15.18 ms.
Unloading 6 Unused Serialized files (Serialized files now loaded: 0)
Unloading 3880 unused Assets / (1.7 MB). Loaded Objects now: 4512.
Memory consumption went from 113.7 MB to 112.0 MB.
Total: 16.410583 ms (FindLiveObjects: 1.072125 ms CreateObjectMapping: 0.494847 ms MarkObjects: 11.860861 ms  DeleteObjects: 2.980248 ms)

Prepare: number of updated asset objects reloaded= 0
========================================================================
Received Prepare
Refreshing native plugins compatible for Editor in 38.32 ms, found 6 plugins.
Preloading 4 native plugins for Editor in 135.25 ms.
Unloading 6 Unused Serialized files (Serialized files now loaded: 0)
Unloading 3861 unused Assets / (0.6 MB). Loaded Objects now: 4513.
Memory consumption went from 109.5 MB to 108.9 MB.
Total: 237.480802 ms (FindLiveObjects: 9.570342 ms CreateObjectMapping: 1.912040 ms MarkObjects: 220.791777 ms  DeleteObjects: 5.201725 ms)

Prepare: number of updated asset objects reloaded= 0
========================================================================
Received Prepare
Begin MonoManager ReloadAssembly
Symbol file LoadedFromMemory is not a mono symbol file
- Loaded All Assemblies, in  6.067 seconds
Refreshing native plugins compatible for Editor in 6.74 ms, found 6 plugins.
Native extension for iOS target not found
2025-10-29 14:42:11.758 Unity[7795:320351] [XcodeApplications] Failed to read NSDictionary from path /Contents/Info.plist
Native extension for VisionOS target not found
Native extension for OSXStandalone target not found
Mono: successfully reloaded assembly
- Finished resetting the current domain, in  4.948 seconds
Domain Reload Profiling: 11023ms
	BeginReloadAssembly (2151ms)
		ExecutionOrderSort (0ms)
		DisableScriptedObjects (153ms)
		BackupInstance (0ms)
		ReleaseScriptingObjects (2ms)
		CreateAndSetChildDomain (1177ms)
	RebuildCommonClasses (190ms)
	RebuildNativeTypeToScriptingClass (53ms)
	initialDomainReloadingComplete (141ms)
	LoadAllAssembliesAndSetupDomain (3539ms)
		LoadAssemblies (2325ms)
		RebuildTransferFunctionScriptingTraits (0ms)
		AnalyzeDomain (1756ms)
			TypeCache.Refresh (349ms)
				TypeCache.ScanAssembly (12ms)
			BuildScriptInfoCaches (1350ms)
			ResolveRequiredComponents (33ms)
	FinalizeReload (4950ms)
		ReleaseScriptCaches (0ms)
		RebuildScriptCaches (0ms)
		SetupLoadedEditorAssemblies (4326ms)
			LogAssemblyErrors (0ms)
			InitializePlatformSupportModulesInManaged (177ms)
			SetLoadedEditorAssemblies (32ms)
			BeforeProcessingInitializeOnLoad (826ms)
			ProcessInitializeOnLoadAttributes (3019ms)
			ProcessInitializeOnLoadMethodAttributes (268ms)
			AfterProcessingInitializeOnLoad (5ms)
			EditorAssembliesLoaded (1ms)
		ExecutionOrderSort2 (0ms)
		AwakeInstancesAfterBackupRestoration (14ms)
Refreshing native plugins compatible for Editor in 7.30 ms, found 6 plugins.
Preloading 4 native plugins for Editor in 39.05 ms.
Unloading 6 Unused Serialized files (Serialized files now loaded: 0)
Unloading 3881 unused Assets / (0.7 MB). Loaded Objects now: 4513.
Memory consumption went from 115.6 MB to 114.9 MB.
Total: 20.767856 ms (FindLiveObjects: 1.265184 ms CreateObjectMapping: 1.056637 ms MarkObjects: 14.991981 ms  DeleteObjects: 3.450225 ms)

Prepare: number of updated asset objects reloaded= 0
========================================================================
Received Prepare
Refreshing native plugins compatible for Editor in 7.25 ms, found 6 plugins.
Preloading 4 native plugins for Editor in 66.51 ms.
Unloading 6 Unused Serialized files (Serialized files now loaded: 0)
Unloading 3861 unused Assets / (1.4 MB). Loaded Objects now: 4513.
Memory consumption went from 111.3 MB to 109.9 MB.
Total: 29.481159 ms (FindLiveObjects: 1.859140 ms CreateObjectMapping: 2.349106 ms MarkObjects: 20.174236 ms  DeleteObjects: 5.095054 ms)

Prepare: number of updated asset objects reloaded= 0
========================================================================
Received Prepare
Begin MonoManager ReloadAssembly
Symbol file LoadedFromMemory is not a mono symbol file
- Loaded All Assemblies, in  5.600 seconds
Refreshing native plugins compatible for Editor in 18.16 ms, found 6 plugins.
Native extension for iOS target not found
2025-10-29 14:42:34.494 Unity[7795:320351] [XcodeApplications] Failed to read NSDictionary from path /Contents/Info.plist
Native extension for VisionOS target not found
Native extension for OSXStandalone target not found
Mono: successfully reloaded assembly
- Finished resetting the current domain, in  2.365 seconds
Domain Reload Profiling: 7972ms
	BeginReloadAssembly (846ms)
		ExecutionOrderSort (0ms)
		DisableScriptedObjects (35ms)
		BackupInstance (0ms)
		ReleaseScriptingObjects (1ms)
		CreateAndSetChildDomain (332ms)
	RebuildCommonClasses (185ms)
	RebuildNativeTypeToScriptingClass (60ms)
	initialDomainReloadingComplete (98ms)
	LoadAllAssembliesAndSetupDomain (4417ms)
		LoadAssemblies (2063ms)
		RebuildTransferFunctionScriptingTraits (0ms)
		AnalyzeDomain (2683ms)
			TypeCache.Refresh (97ms)
				TypeCache.ScanAssembly (0ms)
			BuildScriptInfoCaches (2513ms)
			ResolveRequiredComponents (37ms)
	FinalizeReload (2366ms)
		ReleaseScriptCaches (0ms)
		RebuildScriptCaches (0ms)
		SetupLoadedEditorAssemblies (2007ms)
			LogAssemblyErrors (0ms)
			InitializePlatformSupportModulesInManaged (73ms)
			SetLoadedEditorAssemblies (10ms)
			BeforeProcessingInitializeOnLoad (351ms)
			ProcessInitializeOnLoadAttributes (1496ms)
			ProcessInitializeOnLoadMethodAttributes (72ms)
			AfterProcessingInitializeOnLoad (4ms)
			EditorAssembliesLoaded (0ms)
		ExecutionOrderSort2 (0ms)
		AwakeInstancesAfterBackupRestoration (9ms)
Refreshing native plugins compatible for Editor in 3.26 ms, found 6 plugins.
Preloading 4 native plugins for Editor in 24.19 ms.
Unloading 6 Unused Serialized files (Serialized files now loaded: 0)
Unloading 3881 unused Assets / (1.4 MB). Loaded Objects now: 4513.
Memory consumption went from 117.4 MB to 116.1 MB.
Total: 14.494490 ms (FindLiveObjects: 0.769099 ms CreateObjectMapping: 0.804509 ms MarkObjects: 10.038111 ms  DeleteObjects: 2.880038 ms)

Prepare: number of updated asset objects reloaded= 0
========================================================================
Received Prepare
Begin MonoManager ReloadAssembly
Symbol file LoadedFromMemory is not a mono symbol file
- Loaded All Assemblies, in  2.484 seconds
Refreshing native plugins compatible for Editor in 5.12 ms, found 6 plugins.
Native extension for iOS target not found
2025-10-29 14:42:55.779 Unity[7795:320351] [XcodeApplications] Failed to read NSDictionary from path /Contents/Info.plist
Native extension for VisionOS target not found
Native extension for OSXStandalone target not found
Mono: successfully reloaded assembly
- Finished resetting the current domain, in  3.058 seconds
Domain Reload Profiling: 5547ms
	BeginReloadAssembly (629ms)
		ExecutionOrderSort (0ms)
		DisableScriptedObjects (18ms)
		BackupInstance (0ms)
		ReleaseScriptingObjects (0ms)
		CreateAndSetChildDomain (229ms)
	RebuildCommonClasses (128ms)
	RebuildNativeTypeToScriptingClass (34ms)
	initialDomainReloadingComplete (54ms)
	LoadAllAssembliesAndSetupDomain (1642ms)
		LoadAssemblies (1313ms)
		RebuildTransferFunctionScriptingTraits (0ms)
		AnalyzeDomain (634ms)
			TypeCache.Refresh (37ms)
				TypeCache.ScanAssembly (4ms)
			BuildScriptInfoCaches (546ms)
			ResolveRequiredComponents (35ms)
	FinalizeReload (3060ms)
		ReleaseScriptCaches (0ms)
		RebuildScriptCaches (0ms)
		SetupLoadedEditorAssemblies (2535ms)
			LogAssemblyErrors (0ms)
			InitializePlatformSupportModulesInManaged (79ms)
			SetLoadedEditorAssemblies (11ms)
			BeforeProcessingInitializeOnLoad (305ms)
			ProcessInitializeOnLoadAttributes (1988ms)
			ProcessInitializeOnLoadMethodAttributes (147ms)
			AfterProcessingInitializeOnLoad (4ms)
			EditorAssembliesLoaded (1ms)
		ExecutionOrderSort2 (0ms)
		AwakeInstancesAfterBackupRestoration (12ms)
Refreshing native plugins compatible for Editor in 5.76 ms, found 6 plugins.
Preloading 4 native plugins for Editor in 32.58 ms.
Unloading 6 Unused Serialized files (Serialized files now loaded: 0)
Unloading 3881 unused Assets / (1.4 MB). Loaded Objects now: 4513.
Memory consumption went from 119.9 MB to 118.5 MB.
Total: 20.397434 ms (FindLiveObjects: 0.628329 ms CreateObjectMapping: 0.759281 ms MarkObjects: 12.553273 ms  DeleteObjects: 6.453821 ms)

Prepare: number of updated asset objects reloaded= 0
========================================================================
Received Import Request.
  Time since last request: 1001.420287 seconds.
  path: Assets/Editor/Vuforia/ImageTargetTextures
  artifactKey: Guid(6de677bb34a9d444abcbc1265b6475ff) Importer(815301076,1909f56bfc062723c751e8b465ee728b)
Start importing Assets/Editor/Vuforia/ImageTargetTextures using Guid(6de677bb34a9d444abcbc1265b6475ff) Importer(815301076,1909f56bfc062723c751e8b465ee728b) (PreviewImporter) -> (artifact id: 'd191cae95153edbf72e9903c945b9944') in 0.066219554 seconds
Number of updated asset objects reloaded before import = 0Number of asset objects unloaded after import = 0

========================================================================
Received Prepare
Begin MonoManager ReloadAssembly
Symbol file LoadedFromMemory is not a mono symbol file
- Loaded All Assemblies, in  3.922 seconds
Refreshing native plugins compatible for Editor in 7.13 ms, found 6 plugins.
Native extension for iOS target not found
2025-10-29 14:47:36.208 Unity[7795:320351] [XcodeApplications] Failed to read NSDictionary from path /Contents/Info.plist
Native extension for VisionOS target not found
Native extension for OSXStandalone target not found
Mono: successfully reloaded assembly
- Finished resetting the current domain, in  2.853 seconds
Domain Reload Profiling: 6792ms
	BeginReloadAssembly (1191ms)
		ExecutionOrderSort (0ms)
		DisableScriptedObjects (76ms)
		BackupInstance (0ms)
		ReleaseScriptingObjects (1ms)
		CreateAndSetChildDomain (436ms)
	RebuildCommonClasses (165ms)
	RebuildNativeTypeToScriptingClass (38ms)
	initialDomainReloadingComplete (189ms)
	LoadAllAssembliesAndSetupDomain (2354ms)
		LoadAssemblies (1749ms)
		RebuildTransferFunctionScriptingTraits (0ms)
		AnalyzeDomain (1032ms)
			TypeCache.Refresh (33ms)
				TypeCache.ScanAssembly (0ms)
			BuildScriptInfoCaches (906ms)
			ResolveRequiredComponents (52ms)
	FinalizeReload (2855ms)
		ReleaseScriptCaches (0ms)
		RebuildScriptCaches (0ms)
		SetupLoadedEditorAssemblies (2326ms)
			LogAssemblyErrors (0ms)
			InitializePlatformSupportModulesInManaged (96ms)
			SetLoadedEditorAssemblies (12ms)
			BeforeProcessingInitializeOnLoad (310ms)
			ProcessInitializeOnLoadAttributes (1752ms)
			ProcessInitializeOnLoadMethodAttributes (149ms)
			AfterProcessingInitializeOnLoad (6ms)
			EditorAssembliesLoaded (1ms)
		ExecutionOrderSort2 (0ms)
		AwakeInstancesAfterBackupRestoration (21ms)
Refreshing native plugins compatible for Editor in 4.77 ms, found 6 plugins.
Preloading 4 native plugins for Editor in 27.42 ms.
Unloading 6 Unused Serialized files (Serialized files now loaded: 0)
Unloading 3881 unused Assets / (1.4 MB). Loaded Objects now: 4513.
Memory consumption went from 122.5 MB to 121.0 MB.
Total: 24.592222 ms (FindLiveObjects: 0.863779 ms CreateObjectMapping: 1.712066 ms MarkObjects: 17.388550 ms  DeleteObjects: 4.624104 ms)

Prepare: number of updated asset objects reloaded= 0
========================================================================
Received Prepare
Begin MonoManager ReloadAssembly
Symbol file LoadedFromMemory is not a mono symbol file
- Loaded All Assemblies, in  5.320 seconds
Refreshing native plugins compatible for Editor in 10.96 ms, found 6 plugins.
Native extension for iOS target not found
2025-10-29 14:49:54.924 Unity[7795:320351] [XcodeApplications] Failed to read NSDictionary from path /Contents/Info.plist
Native extension for VisionOS target not found
Native extension for OSXStandalone target not found
Mono: successfully reloaded assembly
- Finished resetting the current domain, in  3.855 seconds
Domain Reload Profiling: 9186ms
	BeginReloadAssembly (1088ms)
		ExecutionOrderSort (0ms)
		DisableScriptedObjects (49ms)
		BackupInstance (0ms)
		ReleaseScriptingObjects (2ms)
		CreateAndSetChildDomain (435ms)
	RebuildCommonClasses (171ms)
	RebuildNativeTypeToScriptingClass (55ms)
	initialDomainReloadingComplete (103ms)
	LoadAllAssembliesAndSetupDomain (3911ms)
		LoadAssemblies (2358ms)
		RebuildTransferFunctionScriptingTraits (0ms)
		AnalyzeDomain (1974ms)
			TypeCache.Refresh (351ms)
				TypeCache.ScanAssembly (0ms)
			BuildScriptInfoCaches (1529ms)
			ResolveRequiredComponents (58ms)
	FinalizeReload (3858ms)
		ReleaseScriptCaches (0ms)
		RebuildScriptCaches (0ms)
		SetupLoadedEditorAssemblies (3168ms)
			LogAssemblyErrors (1ms)
			InitializePlatformSupportModulesInManaged (187ms)
			SetLoadedEditorAssemblies (22ms)
			BeforeProcessingInitializeOnLoad (524ms)
			ProcessInitializeOnLoadAttributes (2261ms)
			ProcessInitializeOnLoadMethodAttributes (166ms)
			AfterProcessingInitializeOnLoad (5ms)
			EditorAssembliesLoaded (1ms)
		ExecutionOrderSort2 (0ms)
		AwakeInstancesAfterBackupRestoration (22ms)
Refreshing native plugins compatible for Editor in 10.93 ms, found 6 plugins.
Preloading 4 native plugins for Editor in 38.14 ms.
Unloading 6 Unused Serialized files (Serialized files now loaded: 0)
Unloading 3881 unused Assets / (0.8 MB). Loaded Objects now: 4513.
Memory consumption went from 124.9 MB to 124.1 MB.
Total: 28.929891 ms (FindLiveObjects: 1.037773 ms CreateObjectMapping: 1.228586 ms MarkObjects: 19.724158 ms  DeleteObjects: 6.934479 ms)

Prepare: number of updated asset objects reloaded= 0
========================================================================
Received Prepare
Begin MonoManager ReloadAssembly
Symbol file LoadedFromMemory is not a mono symbol file
- Loaded All Assemblies, in  3.847 seconds
Refreshing native plugins compatible for Editor in 18.44 ms, found 6 plugins.
Native extension for iOS target not found
2025-10-29 14:54:25.674 Unity[7795:320351] [XcodeApplications] Failed to read NSDictionary from path /Contents/Info.plist
Native extension for VisionOS target not found
Native extension for OSXStandalone target not found
Mono: successfully reloaded assembly
- Finished resetting the current domain, in  3.296 seconds
Domain Reload Profiling: 7156ms
	BeginReloadAssembly (1152ms)
		ExecutionOrderSort (0ms)
		DisableScriptedObjects (72ms)
		BackupInstance (0ms)
		ReleaseScriptingObjects (1ms)
		CreateAndSetChildDomain (434ms)
	RebuildCommonClasses (148ms)
	RebuildNativeTypeToScriptingClass (42ms)
	initialDomainReloadingComplete (144ms)
	LoadAllAssembliesAndSetupDomain (2370ms)
		LoadAssemblies (1704ms)
		RebuildTransferFunctionScriptingTraits (0ms)
		AnalyzeDomain (1082ms)
			TypeCache.Refresh (46ms)
				TypeCache.ScanAssembly (0ms)
			BuildScriptInfoCaches (980ms)
			ResolveRequiredComponents (34ms)
	FinalizeReload (3300ms)
		ReleaseScriptCaches (0ms)
		RebuildScriptCaches (0ms)
		SetupLoadedEditorAssemblies (2836ms)
			LogAssemblyErrors (0ms)
			InitializePlatformSupportModulesInManaged (167ms)
			SetLoadedEditorAssemblies (26ms)
			BeforeProcessingInitializeOnLoad (558ms)
			ProcessInitializeOnLoadAttributes (1948ms)
			ProcessInitializeOnLoadMethodAttributes (134ms)
			AfterProcessingInitializeOnLoad (4ms)
			EditorAssembliesLoaded (1ms)
		ExecutionOrderSort2 (0ms)
		AwakeInstancesAfterBackupRestoration (14ms)
Refreshing native plugins compatible for Editor in 5.78 ms, found 6 plugins.
Preloading 4 native plugins for Editor in 35.17 ms.
Unloading 6 Unused Serialized files (Serialized files now loaded: 0)
Unloading 3881 unused Assets / (1.6 MB). Loaded Objects now: 4513.
Memory consumption went from 127.4 MB to 125.9 MB.
Total: 26.231495 ms (FindLiveObjects: 1.185188 ms CreateObjectMapping: 1.414327 ms MarkObjects: 18.720146 ms  DeleteObjects: 4.908197 ms)

Prepare: number of updated asset objects reloaded= 0
========================================================================
Received Import Request.
  Time since last request: 666.876889 seconds.
  path: Assets/TargetController.cs
  artifactKey: Guid(895d596038fe749c49f05bbfab6f0bed) Importer(815301076,1909f56bfc062723c751e8b465ee728b)
Start importing Assets/TargetController.cs using Guid(895d596038fe749c49f05bbfab6f0bed) Importer(815301076,1909f56bfc062723c751e8b465ee728b) (PreviewImporter) -> (artifact id: '31d78da2587463813e6c9c636d9444a8') in 0.057622158 seconds
Number of updated asset objects reloaded before import = 0Number of asset objects unloaded after import = 0

========================================================================
Received Prepare
Begin MonoManager ReloadAssembly
Symbol file LoadedFromMemory is not a mono symbol file
- Loaded All Assemblies, in  3.572 seconds
Refreshing native plugins compatible for Editor in 4.08 ms, found 6 plugins.
Native extension for iOS target not found
2025-10-29 14:58:58.754 Unity[7795:320351] [XcodeApplications] Failed to read NSDictionary from path /Contents/Info.plist
Native extension for VisionOS target not found
Native extension for OSXStandalone target not found
Mono: successfully reloaded assembly
- Finished resetting the current domain, in  3.061 seconds
Domain Reload Profiling: 6642ms
	BeginReloadAssembly (1011ms)
		ExecutionOrderSort (0ms)
		DisableScriptedObjects (38ms)
		BackupInstance (0ms)
		ReleaseScriptingObjects (1ms)
		CreateAndSetChildDomain (344ms)
	RebuildCommonClasses (123ms)
	RebuildNativeTypeToScriptingClass (35ms)
	initialDomainReloadingComplete (114ms)
	LoadAllAssembliesAndSetupDomain (2295ms)
		LoadAssemblies (1769ms)
		RebuildTransferFunctionScriptingTraits (0ms)
		AnalyzeDomain (956ms)
			TypeCache.Refresh (99ms)
				TypeCache.ScanAssembly (10ms)
			BuildScriptInfoCaches (772ms)
			ResolveRequiredComponents (42ms)
	FinalizeReload (3063ms)
		ReleaseScriptCaches (0ms)
		RebuildScriptCaches (0ms)
		SetupLoadedEditorAssemblies (2496ms)
			LogAssemblyErrors (0ms)
			InitializePlatformSupportModulesInManaged (141ms)
			SetLoadedEditorAssemblies (21ms)
			BeforeProcessingInitializeOnLoad (446ms)
			ProcessInitializeOnLoadAttributes (1764ms)
			ProcessInitializeOnLoadMethodAttributes (121ms)
			AfterProcessingInitializeOnLoad (3ms)
			EditorAssembliesLoaded (1ms)
		ExecutionOrderSort2 (0ms)
		AwakeInstancesAfterBackupRestoration (17ms)
Refreshing native plugins compatible for Editor in 4.10 ms, found 6 plugins.
Preloading 4 native plugins for Editor in 25.34 ms.
Unloading 6 Unused Serialized files (Serialized files now loaded: 0)
Unloading 3881 unused Assets / (2.4 MB). Loaded Objects now: 4513.
Memory consumption went from 130.0 MB to 127.5 MB.
Total: 21.824879 ms (FindLiveObjects: 0.560383 ms CreateObjectMapping: 1.052539 ms MarkObjects: 13.507218 ms  DeleteObjects: 6.701171 ms)

Prepare: number of updated asset objects reloaded= 0
========================================================================
Received Prepare
Begin MonoManager ReloadAssembly
Symbol file LoadedFromMemory is not a mono symbol file
- Loaded All Assemblies, in  3.068 seconds
Refreshing native plugins compatible for Editor in 23.60 ms, found 6 plugins.
Native extension for iOS target not found
2025-10-29 14:59:41.724 Unity[7795:320351] [XcodeApplications] Failed to read NSDictionary from path /Contents/Info.plist
Native extension for VisionOS target not found
Native extension for OSXStandalone target not found
Mono: successfully reloaded assembly
- Finished resetting the current domain, in  3.818 seconds
Domain Reload Profiling: 6890ms
	BeginReloadAssembly (768ms)
		ExecutionOrderSort (0ms)
		DisableScriptedObjects (37ms)
		BackupInstance (0ms)
		ReleaseScriptingObjects (0ms)
		CreateAndSetChildDomain (298ms)
	RebuildCommonClasses (179ms)
	RebuildNativeTypeToScriptingClass (64ms)
	initialDomainReloadingComplete (174ms)
	LoadAllAssembliesAndSetupDomain (1885ms)
		LoadAssemblies (1483ms)
		RebuildTransferFunctionScriptingTraits (0ms)
		AnalyzeDomain (708ms)
			TypeCache.Refresh (23ms)
				TypeCache.ScanAssembly (0ms)
			BuildScriptInfoCaches (638ms)
			ResolveRequiredComponents (30ms)
	FinalizeReload (3821ms)
		ReleaseScriptCaches (0ms)
		RebuildScriptCaches (0ms)
		SetupLoadedEditorAssemblies (3146ms)
			LogAssemblyErrors (0ms)
			InitializePlatformSupportModulesInManaged (165ms)
			SetLoadedEditorAssemblies (22ms)
			BeforeProcessingInitializeOnLoad (497ms)
			ProcessInitializeOnLoadAttributes (2275ms)
			ProcessInitializeOnLoadMethodAttributes (182ms)
			AfterProcessingInitializeOnLoad (3ms)
			EditorAssembliesLoaded (2ms)
		ExecutionOrderSort2 (0ms)
		AwakeInstancesAfterBackupRestoration (14ms)
Refreshing native plugins compatible for Editor in 8.19 ms, found 6 plugins.
Preloading 4 native plugins for Editor in 29.49 ms.
Unloading 6 Unused Serialized files (Serialized files now loaded: 0)
Unloading 3881 unused Assets / (1.5 MB). Loaded Objects now: 4513.
Memory consumption went from 132.5 MB to 131.0 MB.
Total: 25.230339 ms (FindLiveObjects: 0.657250 ms CreateObjectMapping: 0.742919 ms MarkObjects: 19.462957 ms  DeleteObjects: 4.364192 ms)

Prepare: number of updated asset objects reloaded= 0
========================================================================
Received Prepare
Begin MonoManager ReloadAssembly
Symbol file LoadedFromMemory is not a mono symbol file
- Loaded All Assemblies, in  2.943 seconds
Refreshing native plugins compatible for Editor in 2.95 ms, found 6 plugins.
Native extension for iOS target not found
2025-10-29 15:01:10.198 Unity[7795:320351] [XcodeApplications] Failed to read NSDictionary from path /Contents/Info.plist
Native extension for VisionOS target not found
Native extension for OSXStandalone target not found
Mono: successfully reloaded assembly
- Finished resetting the current domain, in  3.072 seconds
Domain Reload Profiling: 6026ms
	BeginReloadAssembly (817ms)
		ExecutionOrderSort (0ms)
		DisableScriptedObjects (34ms)
		BackupInstance (0ms)
		ReleaseScriptingObjects (1ms)
		CreateAndSetChildDomain (384ms)
	RebuildCommonClasses (135ms)
	RebuildNativeTypeToScriptingClass (61ms)
	initialDomainReloadingComplete (171ms)
	LoadAllAssembliesAndSetupDomain (1768ms)
		LoadAssemblies (1139ms)
		RebuildTransferFunctionScriptingTraits (0ms)
		AnalyzeDomain (870ms)
			TypeCache.Refresh (25ms)
				TypeCache.ScanAssembly (0ms)
			BuildScriptInfoCaches (784ms)
			ResolveRequiredComponents (40ms)
	FinalizeReload (3075ms)
		ReleaseScriptCaches (0ms)
		RebuildScriptCaches (0ms)
		SetupLoadedEditorAssemblies (2662ms)
			LogAssemblyErrors (0ms)
			InitializePlatformSupportModulesInManaged (102ms)
			SetLoadedEditorAssemblies (15ms)
			BeforeProcessingInitializeOnLoad (455ms)
			ProcessInitializeOnLoadAttributes (1950ms)
			ProcessInitializeOnLoadMethodAttributes (135ms)
			AfterProcessingInitializeOnLoad (4ms)
			EditorAssembliesLoaded (1ms)
		ExecutionOrderSort2 (0ms)
		AwakeInstancesAfterBackupRestoration (15ms)
Refreshing native plugins compatible for Editor in 9.37 ms, found 6 plugins.
Preloading 4 native plugins for Editor in 33.40 ms.
Unloading 6 Unused Serialized files (Serialized files now loaded: 0)
Unloading 3881 unused Assets / (1.5 MB). Loaded Objects now: 4513.
Memory consumption went from 135.0 MB to 133.5 MB.
Total: 24.664332 ms (FindLiveObjects: 0.982413 ms CreateObjectMapping: 0.809586 ms MarkObjects: 18.750084 ms  DeleteObjects: 4.118733 ms)

Prepare: number of updated asset objects reloaded= 0
========================================================================
Received Prepare
Begin MonoManager ReloadAssembly
Symbol file LoadedFromMemory is not a mono symbol file
- Loaded All Assemblies, in  2.220 seconds
Refreshing native plugins compatible for Editor in 3.01 ms, found 6 plugins.
Native extension for iOS target not found
2025-10-29 15:02:02.799 Unity[7795:320351] [XcodeApplications] Failed to read NSDictionary from path /Contents/Info.plist
Native extension for VisionOS target not found
Native extension for OSXStandalone target not found
Mono: successfully reloaded assembly
- Finished resetting the current domain, in  2.132 seconds
Domain Reload Profiling: 4356ms
	BeginReloadAssembly (467ms)
		ExecutionOrderSort (0ms)
		DisableScriptedObjects (16ms)
		BackupInstance (0ms)
		ReleaseScriptingObjects (0ms)
		CreateAndSetChildDomain (213ms)
	RebuildCommonClasses (115ms)
	RebuildNativeTypeToScriptingClass (34ms)
	initialDomainReloadingComplete (65ms)
	LoadAllAssembliesAndSetupDomain (1542ms)
		LoadAssemblies (868ms)
		RebuildTransferFunctionScriptingTraits (0ms)
		AnalyzeDomain (837ms)
			TypeCache.Refresh (37ms)
				TypeCache.ScanAssembly (5ms)
			BuildScriptInfoCaches (763ms)
			ResolveRequiredComponents (23ms)
	FinalizeReload (2134ms)
		ReleaseScriptCaches (0ms)
		RebuildScriptCaches (0ms)
		SetupLoadedEditorAssemblies (1611ms)
			LogAssemblyErrors (0ms)
			InitializePlatformSupportModulesInManaged (89ms)
			SetLoadedEditorAssemblies (11ms)
			BeforeProcessingInitializeOnLoad (277ms)
			ProcessInitializeOnLoadAttributes (1122ms)
			ProcessInitializeOnLoadMethodAttributes (108ms)
			AfterProcessingInitializeOnLoad (3ms)
			EditorAssembliesLoaded (0ms)
		ExecutionOrderSort2 (0ms)
		AwakeInstancesAfterBackupRestoration (9ms)
Refreshing native plugins compatible for Editor in 6.57 ms, found 6 plugins.
Preloading 4 native plugins for Editor in 31.14 ms.
Unloading 6 Unused Serialized files (Serialized files now loaded: 0)
Unloading 3881 unused Assets / (1.3 MB). Loaded Objects now: 4513.
Memory consumption went from 137.5 MB to 136.3 MB.
Total: 20.888798 ms (FindLiveObjects: 0.627377 ms CreateObjectMapping: 0.633049 ms MarkObjects: 16.686714 ms  DeleteObjects: 2.938553 ms)

Prepare: number of updated asset objects reloaded= 0
========================================================================
Received Prepare
Begin MonoManager ReloadAssembly
Symbol file LoadedFromMemory is not a mono symbol file
- Loaded All Assemblies, in  2.551 seconds
Refreshing native plugins compatible for Editor in 4.63 ms, found 6 plugins.
Native extension for iOS target not found
2025-10-29 15:02:11.995 Unity[7795:320351] [XcodeApplications] Failed to read NSDictionary from path /Contents/Info.plist
Native extension for VisionOS target not found
Native extension for OSXStandalone target not found
Mono: successfully reloaded assembly
- Finished resetting the current domain, in  2.245 seconds
Domain Reload Profiling: 4804ms
	BeginReloadAssembly (382ms)
		ExecutionOrderSort (0ms)
		DisableScriptedObjects (14ms)
		BackupInstance (0ms)
		ReleaseScriptingObjects (0ms)
		CreateAndSetChildDomain (147ms)
	RebuildCommonClasses (110ms)
	RebuildNativeTypeToScriptingClass (45ms)
	initialDomainReloadingComplete (85ms)
	LoadAllAssembliesAndSetupDomain (1935ms)
		LoadAssemblies (1330ms)
		RebuildTransferFunctionScriptingTraits (0ms)
		AnalyzeDomain (752ms)
			TypeCache.Refresh (74ms)
				TypeCache.ScanAssembly (0ms)
			BuildScriptInfoCaches (611ms)
			ResolveRequiredComponents (42ms)
	FinalizeReload (2248ms)
		ReleaseScriptCaches (0ms)
		RebuildScriptCaches (0ms)
		SetupLoadedEditorAssemblies (1825ms)
			LogAssemblyErrors (0ms)
			InitializePlatformSupportModulesInManaged (78ms)
			SetLoadedEditorAssemblies (10ms)
			BeforeProcessingInitializeOnLoad (287ms)
			ProcessInitializeOnLoadAttributes (1309ms)
			ProcessInitializeOnLoadMethodAttributes (137ms)
			AfterProcessingInitializeOnLoad (4ms)
			EditorAssembliesLoaded (1ms)
		ExecutionOrderSort2 (0ms)
		AwakeInstancesAfterBackupRestoration (12ms)
Refreshing native plugins compatible for Editor in 7.87 ms, found 6 plugins.
Preloading 4 native plugins for Editor in 39.93 ms.
Unloading 6 Unused Serialized files (Serialized files now loaded: 0)
Unloading 3881 unused Assets / (1.5 MB). Loaded Objects now: 4513.
Memory consumption went from 140.0 MB to 138.5 MB.
Total: 20.392505 ms (FindLiveObjects: 0.852450 ms CreateObjectMapping: 1.384128 ms MarkObjects: 14.206635 ms  DeleteObjects: 3.946311 ms)

Prepare: number of updated asset objects reloaded= 0
========================================================================
Received Prepare
Begin MonoManager ReloadAssembly
Symbol file LoadedFromMemory is not a mono symbol file
- Loaded All Assemblies, in  3.978 seconds
Refreshing native plugins compatible for Editor in 13.47 ms, found 6 plugins.
Native extension for iOS target not found
2025-11-03 13:05:35.965 Unity[7795:320351] [XcodeApplications] Failed to read NSDictionary from path /Contents/Info.plist
Native extension for VisionOS target not found
Native extension for OSXStandalone target not found
Mono: successfully reloaded assembly
- Finished resetting the current domain, in  1.610 seconds
Domain Reload Profiling: 5596ms
	BeginReloadAssembly (1999ms)
		ExecutionOrderSort (0ms)
		DisableScriptedObjects (139ms)
		BackupInstance (0ms)
		ReleaseScriptingObjects (3ms)
		CreateAndSetChildDomain (939ms)
	RebuildCommonClasses (105ms)
	RebuildNativeTypeToScriptingClass (28ms)
	initialDomainReloadingComplete (63ms)
	LoadAllAssembliesAndSetupDomain (1790ms)
		LoadAssemblies (1608ms)
		RebuildTransferFunctionScriptingTraits (0ms)
		AnalyzeDomain (672ms)
			TypeCache.Refresh (75ms)
				TypeCache.ScanAssembly (0ms)
			BuildScriptInfoCaches (566ms)
			ResolveRequiredComponents (13ms)
	FinalizeReload (1611ms)
		ReleaseScriptCaches (0ms)
		RebuildScriptCaches (0ms)
		SetupLoadedEditorAssemblies (1332ms)
			LogAssemblyErrors (0ms)
			InitializePlatformSupportModulesInManaged (91ms)
			SetLoadedEditorAssemblies (9ms)
			BeforeProcessingInitializeOnLoad (250ms)
			ProcessInitializeOnLoadAttributes (926ms)
			ProcessInitializeOnLoadMethodAttributes (53ms)
			AfterProcessingInitializeOnLoad (2ms)
			EditorAssembliesLoaded (0ms)
		ExecutionOrderSort2 (0ms)
		AwakeInstancesAfterBackupRestoration (11ms)
Refreshing native plugins compatible for Editor in 6.50 ms, found 6 plugins.
Preloading 4 native plugins for Editor in 33.17 ms.
Unloading 6 Unused Serialized files (Serialized files now loaded: 0)
Unloading 3881 unused Assets / (2.3 MB). Loaded Objects now: 4513.
Memory consumption went from 132.0 MB to 129.7 MB.
Total: 71.970084 ms (FindLiveObjects: 2.456366 ms CreateObjectMapping: 2.542772 ms MarkObjects: 50.488036 ms  DeleteObjects: 16.466340 ms)

Prepare: number of updated asset objects reloaded= 0
========================================================================
Received Prepare
Begin MonoManager ReloadAssembly
Symbol file LoadedFromMemory is not a mono symbol file
- Loaded All Assemblies, in  3.164 seconds
Refreshing native plugins compatible for Editor in 2.54 ms, found 6 plugins.
Native extension for iOS target not found
2025-11-03 13:06:38.539 Unity[7795:320351] [XcodeApplications] Failed to read NSDictionary from path /Contents/Info.plist
Native extension for VisionOS target not found
Native extension for OSXStandalone target not found
Mono: successfully reloaded assembly
- Finished resetting the current domain, in  3.701 seconds
Domain Reload Profiling: 6873ms
	BeginReloadAssembly (1006ms)
		ExecutionOrderSort (0ms)
		DisableScriptedObjects (47ms)
		BackupInstance (0ms)
		ReleaseScriptingObjects (1ms)
		CreateAndSetChildDomain (380ms)
	RebuildCommonClasses (127ms)
	RebuildNativeTypeToScriptingClass (39ms)
	initialDomainReloadingComplete (105ms)
	LoadAllAssembliesAndSetupDomain (1891ms)
		LoadAssemblies (1344ms)
		RebuildTransferFunctionScriptingTraits (0ms)
		AnalyzeDomain (969ms)
			TypeCache.Refresh (24ms)
				TypeCache.ScanAssembly (0ms)
			BuildScriptInfoCaches (894ms)
			ResolveRequiredComponents (30ms)
	FinalizeReload (3704ms)
		ReleaseScriptCaches (0ms)
		RebuildScriptCaches (0ms)
		SetupLoadedEditorAssemblies (3147ms)
			LogAssemblyErrors (0ms)
			InitializePlatformSupportModulesInManaged (183ms)
			SetLoadedEditorAssemblies (19ms)
			BeforeProcessingInitializeOnLoad (453ms)
			ProcessInitializeOnLoadAttributes (2297ms)
			ProcessInitializeOnLoadMethodAttributes (191ms)
			AfterProcessingInitializeOnLoad (3ms)
			EditorAssembliesLoaded (1ms)
		ExecutionOrderSort2 (0ms)
		AwakeInstancesAfterBackupRestoration (28ms)
Refreshing native plugins compatible for Editor in 4.90 ms, found 6 plugins.
Preloading 4 native plugins for Editor in 27.90 ms.
Unloading 6 Unused Serialized files (Serialized files now loaded: 0)
Unloading 3881 unused Assets / (1.8 MB). Loaded Objects now: 4513.
Memory consumption went from 134.5 MB to 132.7 MB.
Total: 19.887453 ms (FindLiveObjects: 0.926114 ms CreateObjectMapping: 0.759149 ms MarkObjects: 12.904810 ms  DeleteObjects: 5.293780 ms)

Prepare: number of updated asset objects reloaded= 0
========================================================================
Received Prepare
Begin MonoManager ReloadAssembly
Symbol file LoadedFromMemory is not a mono symbol file
- Loaded All Assemblies, in  3.904 seconds
Refreshing native plugins compatible for Editor in 4.04 ms, found 6 plugins.
Native extension for iOS target not found
2025-11-03 13:08:19.199 Unity[7795:320351] [XcodeApplications] Failed to read NSDictionary from path /Contents/Info.plist
Native extension for VisionOS target not found
Native extension for OSXStandalone target not found
Mono: successfully reloaded assembly
- Finished resetting the current domain, in  3.740 seconds
Domain Reload Profiling: 7657ms
	BeginReloadAssembly (1242ms)
		ExecutionOrderSort (0ms)
		DisableScriptedObjects (104ms)
		BackupInstance (0ms)
		ReleaseScriptingObjects (1ms)
		CreateAndSetChildDomain (408ms)
	RebuildCommonClasses (181ms)
	RebuildNativeTypeToScriptingClass (56ms)
	initialDomainReloadingComplete (116ms)
	LoadAllAssembliesAndSetupDomain (2320ms)
		LoadAssemblies (1798ms)
		RebuildTransferFunctionScriptingTraits (0ms)
		AnalyzeDomain (989ms)
			TypeCache.Refresh (87ms)
				TypeCache.ScanAssembly (0ms)
			BuildScriptInfoCaches (810ms)
			ResolveRequiredComponents (33ms)
	FinalizeReload (3743ms)
		ReleaseScriptCaches (0ms)
		RebuildScriptCaches (0ms)
		SetupLoadedEditorAssemblies (3161ms)
			LogAssemblyErrors (0ms)
			InitializePlatformSupportModulesInManaged (120ms)
			SetLoadedEditorAssemblies (18ms)
			BeforeProcessingInitializeOnLoad (424ms)
			ProcessInitializeOnLoadAttributes (2417ms)
			ProcessInitializeOnLoadMethodAttributes (176ms)
			AfterProcessingInitializeOnLoad (4ms)
			EditorAssembliesLoaded (1ms)
		ExecutionOrderSort2 (0ms)
		AwakeInstancesAfterBackupRestoration (21ms)
Refreshing native plugins compatible for Editor in 21.01 ms, found 6 plugins.
Preloading 4 native plugins for Editor in 49.85 ms.
Unloading 6 Unused Serialized files (Serialized files now loaded: 0)
Unloading 3881 unused Assets / (2.2 MB). Loaded Objects now: 4513.
Memory consumption went from 136.9 MB to 134.8 MB.
Total: 45.693543 ms (FindLiveObjects: 1.087272 ms CreateObjectMapping: 1.676835 ms MarkObjects: 32.358071 ms  DeleteObjects: 10.566346 ms)

Prepare: number of updated asset objects reloaded= 0
========================================================================
Received Prepare
Begin MonoManager ReloadAssembly
Symbol file LoadedFromMemory is not a mono symbol file
- Loaded All Assemblies, in  6.549 seconds
Refreshing native plugins compatible for Editor in 4.86 ms, found 6 plugins.
Native extension for iOS target not found
2025-11-03 13:30:30.774 Unity[7795:320351] [XcodeApplications] Failed to read NSDictionary from path /Contents/Info.plist
Native extension for VisionOS target not found
Native extension for OSXStandalone target not found
Mono: successfully reloaded assembly
- Finished resetting the current domain, in  3.323 seconds
Domain Reload Profiling: 9887ms
	BeginReloadAssembly (2298ms)
		ExecutionOrderSort (0ms)
		DisableScriptedObjects (94ms)
		BackupInstance (0ms)
		ReleaseScriptingObjects (2ms)
		CreateAndSetChildDomain (682ms)
	RebuildCommonClasses (410ms)
	RebuildNativeTypeToScriptingClass (291ms)
	initialDomainReloadingComplete (245ms)
	LoadAllAssembliesAndSetupDomain (3318ms)
		LoadAssemblies (2945ms)
		RebuildTransferFunctionScriptingTraits (0ms)
		AnalyzeDomain (1400ms)
			TypeCache.Refresh (142ms)
				TypeCache.ScanAssembly (0ms)
			BuildScriptInfoCaches (1167ms)
			ResolveRequiredComponents (37ms)
	FinalizeReload (3325ms)
		ReleaseScriptCaches (0ms)
		RebuildScriptCaches (0ms)
		SetupLoadedEditorAssemblies (2798ms)
			LogAssemblyErrors (0ms)
			InitializePlatformSupportModulesInManaged (128ms)
			SetLoadedEditorAssemblies (13ms)
			BeforeProcessingInitializeOnLoad (426ms)
			ProcessInitializeOnLoadAttributes (2065ms)
			ProcessInitializeOnLoadMethodAttributes (159ms)
			AfterProcessingInitializeOnLoad (5ms)
			EditorAssembliesLoaded (1ms)
		ExecutionOrderSort2 (0ms)
		AwakeInstancesAfterBackupRestoration (19ms)
Refreshing native plugins compatible for Editor in 4.82 ms, found 6 plugins.
Preloading 4 native plugins for Editor in 31.45 ms.
Unloading 6 Unused Serialized files (Serialized files now loaded: 0)
Unloading 3881 unused Assets / (1.8 MB). Loaded Objects now: 4513.
Memory consumption went from 139.3 MB to 137.5 MB.
Total: 34.723042 ms (FindLiveObjects: 1.479426 ms CreateObjectMapping: 1.184477 ms MarkObjects: 25.280536 ms  DeleteObjects: 6.766805 ms)

Prepare: number of updated asset objects reloaded= 0
========================================================================
Received Prepare
Begin MonoManager ReloadAssembly
Symbol file LoadedFromMemory is not a mono symbol file
- Loaded All Assemblies, in  4.752 seconds
Refreshing native plugins compatible for Editor in 5.70 ms, found 6 plugins.
Native extension for iOS target not found
2025-11-03 13:34:59.015 Unity[7795:320351] [XcodeApplications] Failed to read NSDictionary from path /Contents/Info.plist
Native extension for VisionOS target not found
Native extension for OSXStandalone target not found
Mono: successfully reloaded assembly
- Finished resetting the current domain, in  3.722 seconds
Domain Reload Profiling: 8480ms
	BeginReloadAssembly (1272ms)
		ExecutionOrderSort (0ms)
		DisableScriptedObjects (85ms)
		BackupInstance (0ms)
		ReleaseScriptingObjects (4ms)
		CreateAndSetChildDomain (465ms)
	RebuildCommonClasses (189ms)
	RebuildNativeTypeToScriptingClass (48ms)
	initialDomainReloadingComplete (235ms)
	LoadAllAssembliesAndSetupDomain (3011ms)
		LoadAssemblies (2482ms)
		RebuildTransferFunctionScriptingTraits (0ms)
		AnalyzeDomain (938ms)
			TypeCache.Refresh (116ms)
				TypeCache.ScanAssembly (5ms)
			BuildScriptInfoCaches (763ms)
			ResolveRequiredComponents (30ms)
	FinalizeReload (3725ms)
		ReleaseScriptCaches (0ms)
		RebuildScriptCaches (0ms)
		SetupLoadedEditorAssemblies (3037ms)
			LogAssemblyErrors (0ms)
			InitializePlatformSupportModulesInManaged (169ms)
			SetLoadedEditorAssemblies (24ms)
			BeforeProcessingInitializeOnLoad (652ms)
			ProcessInitializeOnLoadAttributes (2048ms)
			ProcessInitializeOnLoadMethodAttributes (136ms)
			AfterProcessingInitializeOnLoad (7ms)
			EditorAssembliesLoaded (1ms)
		ExecutionOrderSort2 (0ms)
		AwakeInstancesAfterBackupRestoration (20ms)
Refreshing native plugins compatible for Editor in 5.44 ms, found 6 plugins.
Preloading 4 native plugins for Editor in 33.32 ms.
Unloading 6 Unused Serialized files (Serialized files now loaded: 0)
Unloading 3881 unused Assets / (1.8 MB). Loaded Objects now: 4513.
Memory consumption went from 141.8 MB to 140.0 MB.
Total: 28.570755 ms (FindLiveObjects: 3.446367 ms CreateObjectMapping: 0.724208 ms MarkObjects: 19.310939 ms  DeleteObjects: 5.057867 ms)

Prepare: number of updated asset objects reloaded= 0
========================================================================
Received Prepare
Begin MonoManager ReloadAssembly
Symbol file LoadedFromMemory is not a mono symbol file
- Loaded All Assemblies, in  3.966 seconds
Refreshing native plugins compatible for Editor in 19.72 ms, found 6 plugins.
Native extension for iOS target not found
2025-11-03 13:36:19.647 Unity[7795:320351] [XcodeApplications] Failed to read NSDictionary from path /Contents/Info.plist
Native extension for VisionOS target not found
Native extension for OSXStandalone target not found
Mono: successfully reloaded assembly
- Finished resetting the current domain, in  3.416 seconds
Domain Reload Profiling: 7394ms
	BeginReloadAssembly (1164ms)
		ExecutionOrderSort (0ms)
		DisableScriptedObjects (72ms)
		BackupInstance (0ms)
		ReleaseScriptingObjects (1ms)
		CreateAndSetChildDomain (399ms)
	RebuildCommonClasses (198ms)
	RebuildNativeTypeToScriptingClass (40ms)
	initialDomainReloadingComplete (123ms)
	LoadAllAssembliesAndSetupDomain (2450ms)
		LoadAssemblies (1909ms)
		RebuildTransferFunctionScriptingTraits (0ms)
		AnalyzeDomain (997ms)
			TypeCache.Refresh (95ms)
				TypeCache.ScanAssembly (0ms)
			BuildScriptInfoCaches (804ms)
			ResolveRequiredComponents (63ms)
	FinalizeReload (3419ms)
		ReleaseScriptCaches (0ms)
		RebuildScriptCaches (0ms)
		SetupLoadedEditorAssemblies (2794ms)
			LogAssemblyErrors (0ms)
			InitializePlatformSupportModulesInManaged (135ms)
			SetLoadedEditorAssemblies (22ms)
			BeforeProcessingInitializeOnLoad (401ms)
			ProcessInitializeOnLoadAttributes (2050ms)
			ProcessInitializeOnLoadMethodAttributes (180ms)
			AfterProcessingInitializeOnLoad (4ms)
			EditorAssembliesLoaded (1ms)
		ExecutionOrderSort2 (0ms)
		AwakeInstancesAfterBackupRestoration (25ms)
Refreshing native plugins compatible for Editor in 11.09 ms, found 6 plugins.
Preloading 4 native plugins for Editor in 43.96 ms.
Unloading 6 Unused Serialized files (Serialized files now loaded: 0)
Unloading 3881 unused Assets / (1.6 MB). Loaded Objects now: 4513.
Memory consumption went from 144.3 MB to 142.7 MB.
Total: 33.532014 ms (FindLiveObjects: 1.210941 ms CreateObjectMapping: 1.251840 ms MarkObjects: 24.199193 ms  DeleteObjects: 6.865100 ms)

Prepare: number of updated asset objects reloaded= 0
========================================================================
Received Prepare
Begin MonoManager ReloadAssembly
Symbol file LoadedFromMemory is not a mono symbol file
- Loaded All Assemblies, in  3.635 seconds
Refreshing native plugins compatible for Editor in 3.69 ms, found 6 plugins.
Native extension for iOS target not found
2025-11-03 13:39:50.711 Unity[7795:320351] [XcodeApplications] Failed to read NSDictionary from path /Contents/Info.plist
Native extension for VisionOS target not found
Native extension for OSXStandalone target not found
Mono: successfully reloaded assembly
- Finished resetting the current domain, in  2.694 seconds
Domain Reload Profiling: 6337ms
	BeginReloadAssembly (867ms)
		ExecutionOrderSort (0ms)
		DisableScriptedObjects (36ms)
		BackupInstance (0ms)
		ReleaseScriptingObjects (1ms)
		CreateAndSetChildDomain (444ms)
	RebuildCommonClasses (200ms)
	RebuildNativeTypeToScriptingClass (52ms)
	initialDomainReloadingComplete (169ms)
	LoadAllAssembliesAndSetupDomain (2353ms)
		LoadAssemblies (1474ms)
		RebuildTransferFunctionScriptingTraits (0ms)
		AnalyzeDomain (1124ms)
			TypeCache.Refresh (24ms)
				TypeCache.ScanAssembly (0ms)
			BuildScriptInfoCaches (995ms)
			ResolveRequiredComponents (58ms)
	FinalizeReload (2696ms)
		ReleaseScriptCaches (0ms)
		RebuildScriptCaches (0ms)
		SetupLoadedEditorAssemblies (2232ms)
			LogAssemblyErrors (0ms)
			InitializePlatformSupportModulesInManaged (107ms)
			SetLoadedEditorAssemblies (14ms)
			BeforeProcessingInitializeOnLoad (419ms)
			ProcessInitializeOnLoadAttributes (1573ms)
			ProcessInitializeOnLoadMethodAttributes (113ms)
			AfterProcessingInitializeOnLoad (4ms)
			EditorAssembliesLoaded (1ms)
		ExecutionOrderSort2 (0ms)
		AwakeInstancesAfterBackupRestoration (12ms)
Refreshing native plugins compatible for Editor in 6.36 ms, found 6 plugins.
Preloading 4 native plugins for Editor in 29.41 ms.
Unloading 6 Unused Serialized files (Serialized files now loaded: 0)
Unloading 3881 unused Assets / (1.6 MB). Loaded Objects now: 4513.
Memory consumption went from 146.8 MB to 145.1 MB.
Total: 23.069970 ms (FindLiveObjects: 1.053844 ms CreateObjectMapping: 1.164102 ms MarkObjects: 16.112236 ms  DeleteObjects: 4.736910 ms)

Prepare: number of updated asset objects reloaded= 0
========================================================================
Received Prepare
Begin MonoManager ReloadAssembly
Symbol file LoadedFromMemory is not a mono symbol file
- Loaded All Assemblies, in  3.260 seconds
Refreshing native plugins compatible for Editor in 3.83 ms, found 6 plugins.
Native extension for iOS target not found
2025-11-03 13:41:14.339 Unity[7795:320351] [XcodeApplications] Failed to read NSDictionary from path /Contents/Info.plist
Native extension for VisionOS target not found
Native extension for OSXStandalone target not found
Mono: successfully reloaded assembly
- Finished resetting the current domain, in  3.644 seconds
Domain Reload Profiling: 6911ms
	BeginReloadAssembly (1003ms)
		ExecutionOrderSort (0ms)
		DisableScriptedObjects (48ms)
		BackupInstance (0ms)
		ReleaseScriptingObjects (1ms)
		CreateAndSetChildDomain (372ms)
	RebuildCommonClasses (151ms)
	RebuildNativeTypeToScriptingClass (54ms)
	initialDomainReloadingComplete (169ms)
	LoadAllAssembliesAndSetupDomain (1886ms)
		LoadAssemblies (1570ms)
		RebuildTransferFunctionScriptingTraits (0ms)
		AnalyzeDomain (725ms)
			TypeCache.Refresh (48ms)
				TypeCache.ScanAssembly (0ms)
			BuildScriptInfoCaches (627ms)
			ResolveRequiredComponents (22ms)
	FinalizeReload (3647ms)
		ReleaseScriptCaches (0ms)
		RebuildScriptCaches (0ms)
		SetupLoadedEditorAssemblies (2806ms)
			LogAssemblyErrors (0ms)
			InitializePlatformSupportModulesInManaged (216ms)
			SetLoadedEditorAssemblies (29ms)
			BeforeProcessingInitializeOnLoad (579ms)
			ProcessInitializeOnLoadAttributes (1853ms)
			ProcessInitializeOnLoadMethodAttributes (125ms)
			AfterProcessingInitializeOnLoad (3ms)
			EditorAssembliesLoaded (1ms)
		ExecutionOrderSort2 (0ms)
		AwakeInstancesAfterBackupRestoration (18ms)
Refreshing native plugins compatible for Editor in 6.36 ms, found 6 plugins.
Preloading 4 native plugins for Editor in 29.35 ms.
Unloading 6 Unused Serialized files (Serialized files now loaded: 0)
Unloading 3881 unused Assets / (1.6 MB). Loaded Objects now: 4513.
Memory consumption went from 149.3 MB to 147.7 MB.
Total: 25.343136 ms (FindLiveObjects: 1.224890 ms CreateObjectMapping: 1.441992 ms MarkObjects: 16.766628 ms  DeleteObjects: 5.906522 ms)

Prepare: number of updated asset objects reloaded= 0
========================================================================
Received Prepare
Begin MonoManager ReloadAssembly
Symbol file LoadedFromMemory is not a mono symbol file
- Loaded All Assemblies, in  3.884 seconds
Refreshing native plugins compatible for Editor in 7.41 ms, found 6 plugins.
Native extension for iOS target not found
2025-11-03 13:43:01.779 Unity[7795:320351] [XcodeApplications] Failed to read NSDictionary from path /Contents/Info.plist
Native extension for VisionOS target not found
Native extension for OSXStandalone target not found
Mono: successfully reloaded assembly
- Finished resetting the current domain, in  3.382 seconds
Domain Reload Profiling: 7277ms
	BeginReloadAssembly (1060ms)
		ExecutionOrderSort (0ms)
		DisableScriptedObjects (43ms)
		BackupInstance (0ms)
		ReleaseScriptingObjects (1ms)
		CreateAndSetChildDomain (427ms)
	RebuildCommonClasses (157ms)
	RebuildNativeTypeToScriptingClass (48ms)
	initialDomainReloadingComplete (107ms)
	LoadAllAssembliesAndSetupDomain (2521ms)
		LoadAssemblies (2116ms)
		RebuildTransferFunctionScriptingTraits (0ms)
		AnalyzeDomain (841ms)
			TypeCache.Refresh (49ms)
				TypeCache.ScanAssembly (0ms)
			BuildScriptInfoCaches (710ms)
			ResolveRequiredComponents (45ms)
	FinalizeReload (3384ms)
		ReleaseScriptCaches (0ms)
		RebuildScriptCaches (0ms)
		SetupLoadedEditorAssemblies (2625ms)
			LogAssemblyErrors (0ms)
			InitializePlatformSupportModulesInManaged (152ms)
			SetLoadedEditorAssemblies (18ms)
			BeforeProcessingInitializeOnLoad (433ms)
			ProcessInitializeOnLoadAttributes (1859ms)
			ProcessInitializeOnLoadMethodAttributes (157ms)
			AfterProcessingInitializeOnLoad (5ms)
			EditorAssembliesLoaded (1ms)
		ExecutionOrderSort2 (0ms)
		AwakeInstancesAfterBackupRestoration (20ms)
Refreshing native plugins compatible for Editor in 3.76 ms, found 6 plugins.
Preloading 4 native plugins for Editor in 28.57 ms.
Unloading 6 Unused Serialized files (Serialized files now loaded: 0)
Unloading 3881 unused Assets / (1.4 MB). Loaded Objects now: 4513.
Memory consumption went from 151.7 MB to 150.3 MB.
Total: 24.727750 ms (FindLiveObjects: 0.799817 ms CreateObjectMapping: 0.728056 ms MarkObjects: 18.718892 ms  DeleteObjects: 4.477263 ms)

Prepare: number of updated asset objects reloaded= 0
========================================================================
Received Prepare
Begin MonoManager ReloadAssembly
Symbol file LoadedFromMemory is not a mono symbol file
- Loaded All Assemblies, in  3.717 seconds
Refreshing native plugins compatible for Editor in 20.23 ms, found 6 plugins.
Native extension for iOS target not found
2025-11-03 13:44:54.959 Unity[7795:320351] [XcodeApplications] Failed to read NSDictionary from path /Contents/Info.plist
Native extension for VisionOS target not found
Native extension for OSXStandalone target not found
Mono: successfully reloaded assembly
- Finished resetting the current domain, in  3.228 seconds
Domain Reload Profiling: 6959ms
	BeginReloadAssembly (1233ms)
		ExecutionOrderSort (0ms)
		DisableScriptedObjects (36ms)
		BackupInstance (0ms)
		ReleaseScriptingObjects (1ms)
		CreateAndSetChildDomain (598ms)
	RebuildCommonClasses (124ms)
	RebuildNativeTypeToScriptingClass (37ms)
	initialDomainReloadingComplete (99ms)
	LoadAllAssembliesAndSetupDomain (2235ms)
		LoadAssemblies (1857ms)
		RebuildTransferFunctionScriptingTraits (0ms)
		AnalyzeDomain (835ms)
			TypeCache.Refresh (25ms)
				TypeCache.ScanAssembly (0ms)
			BuildScriptInfoCaches (721ms)
			ResolveRequiredComponents (43ms)
	FinalizeReload (3231ms)
		ReleaseScriptCaches (0ms)
		RebuildScriptCaches (0ms)
		SetupLoadedEditorAssemblies (2611ms)
			LogAssemblyErrors (0ms)
			InitializePlatformSupportModulesInManaged (146ms)
			SetLoadedEditorAssemblies (19ms)
			BeforeProcessingInitializeOnLoad (439ms)
			ProcessInitializeOnLoadAttributes (1866ms)
			ProcessInitializeOnLoadMethodAttributes (136ms)
			AfterProcessingInitializeOnLoad (5ms)
			EditorAssembliesLoaded (1ms)
		ExecutionOrderSort2 (0ms)
		AwakeInstancesAfterBackupRestoration (14ms)
Refreshing native plugins compatible for Editor in 4.92 ms, found 6 plugins.
Preloading 4 native plugins for Editor in 31.33 ms.
Unloading 6 Unused Serialized files (Serialized files now loaded: 0)
Unloading 3881 unused Assets / (1.3 MB). Loaded Objects now: 4513.
Memory consumption went from 154.2 MB to 152.9 MB.
Total: 22.028187 ms (FindLiveObjects: 0.869833 ms CreateObjectMapping: 1.080632 ms MarkObjects: 15.566946 ms  DeleteObjects: 4.506862 ms)

Prepare: number of updated asset objects reloaded= 0
========================================================================
Received Prepare
Begin MonoManager ReloadAssembly
Symbol file LoadedFromMemory is not a mono symbol file
- Loaded All Assemblies, in  2.221 seconds
Refreshing native plugins compatible for Editor in 2.77 ms, found 6 plugins.
Native extension for iOS target not found
2025-11-03 13:45:31.148 Unity[7795:320351] [XcodeApplications] Failed to read NSDictionary from path /Contents/Info.plist
Native extension for VisionOS target not found
Native extension for OSXStandalone target not found
Mono: successfully reloaded assembly
- Finished resetting the current domain, in  2.565 seconds
Domain Reload Profiling: 4791ms
	BeginReloadAssembly (468ms)
		ExecutionOrderSort (0ms)
		DisableScriptedObjects (14ms)
		BackupInstance (0ms)
		ReleaseScriptingObjects (0ms)
		CreateAndSetChildDomain (158ms)
	RebuildCommonClasses (131ms)
	RebuildNativeTypeToScriptingClass (32ms)
	initialDomainReloadingComplete (51ms)
	LoadAllAssembliesAndSetupDomain (1542ms)
		LoadAssemblies (1096ms)
		RebuildTransferFunctionScriptingTraits (0ms)
		AnalyzeDomain (673ms)
			TypeCache.Refresh (25ms)
				TypeCache.ScanAssembly (0ms)
			BuildScriptInfoCaches (605ms)
			ResolveRequiredComponents (30ms)
	FinalizeReload (2567ms)
		ReleaseScriptCaches (0ms)
		RebuildScriptCaches (0ms)
		SetupLoadedEditorAssemblies (2209ms)
			LogAssemblyErrors (0ms)
			InitializePlatformSupportModulesInManaged (98ms)
			SetLoadedEditorAssemblies (13ms)
			BeforeProcessingInitializeOnLoad (462ms)
			ProcessInitializeOnLoadAttributes (1527ms)
			ProcessInitializeOnLoadMethodAttributes (105ms)
			AfterProcessingInitializeOnLoad (4ms)
			EditorAssembliesLoaded (1ms)
		ExecutionOrderSort2 (0ms)
		AwakeInstancesAfterBackupRestoration (13ms)
Refreshing native plugins compatible for Editor in 4.22 ms, found 6 plugins.
Preloading 4 native plugins for Editor in 24.92 ms.
Unloading 6 Unused Serialized files (Serialized files now loaded: 0)
Unloading 3881 unused Assets / (1.4 MB). Loaded Objects now: 4513.
Memory consumption went from 156.6 MB to 155.2 MB.
Total: 17.982597 ms (FindLiveObjects: 0.570055 ms CreateObjectMapping: 0.976845 ms MarkObjects: 12.291318 ms  DeleteObjects: 4.142238 ms)

Prepare: number of updated asset objects reloaded= 0
========================================================================
Received Prepare
Begin MonoManager ReloadAssembly
Symbol file LoadedFromMemory is not a mono symbol file
- Loaded All Assemblies, in  3.918 seconds
Refreshing native plugins compatible for Editor in 5.42 ms, found 6 plugins.
Native extension for iOS target not found
2025-11-03 13:47:36.941 Unity[7795:320351] [XcodeApplications] Failed to read NSDictionary from path /Contents/Info.plist
Native extension for VisionOS target not found
Native extension for OSXStandalone target not found
Mono: successfully reloaded assembly
- Finished resetting the current domain, in  2.787 seconds
Domain Reload Profiling: 6740ms
	BeginReloadAssembly (1154ms)
		ExecutionOrderSort (0ms)
		DisableScriptedObjects (43ms)
		BackupInstance (0ms)
		ReleaseScriptingObjects (1ms)
		CreateAndSetChildDomain (329ms)
	RebuildCommonClasses (115ms)
	RebuildNativeTypeToScriptingClass (30ms)
	initialDomainReloadingComplete (169ms)
	LoadAllAssembliesAndSetupDomain (2483ms)
		LoadAssemblies (2037ms)
		RebuildTransferFunctionScriptingTraits (0ms)
		AnalyzeDomain (1012ms)
			TypeCache.Refresh (66ms)
				TypeCache.ScanAssembly (2ms)
			BuildScriptInfoCaches (850ms)
			ResolveRequiredComponents (58ms)
	FinalizeReload (2788ms)
		ReleaseScriptCaches (0ms)
		RebuildScriptCaches (0ms)
		SetupLoadedEditorAssemblies (2245ms)
			LogAssemblyErrors (0ms)
			InitializePlatformSupportModulesInManaged (140ms)
			SetLoadedEditorAssemblies (19ms)
			BeforeProcessingInitializeOnLoad (428ms)
			ProcessInitializeOnLoadAttributes (1591ms)
			ProcessInitializeOnLoadMethodAttributes (65ms)
			AfterProcessingInitializeOnLoad (2ms)
			EditorAssembliesLoaded (0ms)
		ExecutionOrderSort2 (0ms)
		AwakeInstancesAfterBackupRestoration (7ms)
Refreshing native plugins compatible for Editor in 3.13 ms, found 6 plugins.
Preloading 4 native plugins for Editor in 17.56 ms.
Unloading 6 Unused Serialized files (Serialized files now loaded: 0)
Unloading 3881 unused Assets / (1.2 MB). Loaded Objects now: 4513.
Memory consumption went from 159.1 MB to 157.9 MB.
Total: 15.340426 ms (FindLiveObjects: 1.371948 ms CreateObjectMapping: 0.628833 ms MarkObjects: 11.068172 ms  DeleteObjects: 2.263985 ms)

Prepare: number of updated asset objects reloaded= 0
========================================================================
Received Prepare
Begin MonoManager ReloadAssembly
Symbol file LoadedFromMemory is not a mono symbol file
- Loaded All Assemblies, in  2.179 seconds
Refreshing native plugins compatible for Editor in 3.67 ms, found 6 plugins.
Native extension for iOS target not found
2025-11-03 13:47:46.624 Unity[7795:320351] [XcodeApplications] Failed to read NSDictionary from path /Contents/Info.plist
Native extension for VisionOS target not found
Native extension for OSXStandalone target not found
Mono: successfully reloaded assembly
- Finished resetting the current domain, in  2.091 seconds
Domain Reload Profiling: 4273ms
	BeginReloadAssembly (348ms)
		ExecutionOrderSort (0ms)
		DisableScriptedObjects (13ms)
		BackupInstance (0ms)
		ReleaseScriptingObjects (0ms)
		CreateAndSetChildDomain (127ms)
	RebuildCommonClasses (134ms)
	RebuildNativeTypeToScriptingClass (125ms)
	initialDomainReloadingComplete (103ms)
	LoadAllAssembliesAndSetupDomain (1470ms)
		LoadAssemblies (1077ms)
		RebuildTransferFunctionScriptingTraits (0ms)
		AnalyzeDomain (537ms)
			TypeCache.Refresh (17ms)
				TypeCache.ScanAssembly (0ms)
			BuildScriptInfoCaches (489ms)
			ResolveRequiredComponents (20ms)
	FinalizeReload (2093ms)
		ReleaseScriptCaches (0ms)
		RebuildScriptCaches (0ms)
		SetupLoadedEditorAssemblies (1748ms)
			LogAssemblyErrors (0ms)
			InitializePlatformSupportModulesInManaged (99ms)
			SetLoadedEditorAssemblies (12ms)
			BeforeProcessingInitializeOnLoad (286ms)
			ProcessInitializeOnLoadAttributes (1236ms)
			ProcessInitializeOnLoadMethodAttributes (110ms)
			AfterProcessingInitializeOnLoad (4ms)
			EditorAssembliesLoaded (1ms)
		ExecutionOrderSort2 (0ms)
		AwakeInstancesAfterBackupRestoration (14ms)
Refreshing native plugins compatible for Editor in 5.63 ms, found 6 plugins.
Preloading 4 native plugins for Editor in 30.28 ms.
Unloading 6 Unused Serialized files (Serialized files now loaded: 0)
Unloading 3881 unused Assets / (1.3 MB). Loaded Objects now: 4513.
Memory consumption went from 161.6 MB to 160.3 MB.
Total: 17.547768 ms (FindLiveObjects: 0.870655 ms CreateObjectMapping: 0.914679 ms MarkObjects: 12.581313 ms  DeleteObjects: 3.178718 ms)

Prepare: number of updated asset objects reloaded= 0
[usbmuxd] Attached: 1 00008140-00026D810201801C
[usbmuxd] Attached: 1 00008140-00026D810201801C
========================================================================
Received Prepare
Begin MonoManager ReloadAssembly
Symbol file LoadedFromMemory is not a mono symbol file
- Loaded All Assemblies, in  7.031 seconds
Refreshing native plugins compatible for Editor in 12.70 ms, found 6 plugins.
Native extension for iOS target not found
2025-11-03 14:34:31.461 Unity[7795:320351] [XcodeApplications] Failed to read NSDictionary from path /Contents/Info.plist
Native extension for VisionOS target not found
Native extension for OSXStandalone target not found
Mono: successfully reloaded assembly
- Finished resetting the current domain, in  2.934 seconds
Domain Reload Profiling: 9974ms
	BeginReloadAssembly (2722ms)
		ExecutionOrderSort (0ms)
		DisableScriptedObjects (103ms)
		BackupInstance (0ms)
		ReleaseScriptingObjects (1ms)
		CreateAndSetChildDomain (1241ms)
	RebuildCommonClasses (272ms)
	RebuildNativeTypeToScriptingClass (88ms)
	initialDomainReloadingComplete (277ms)
	LoadAllAssembliesAndSetupDomain (3679ms)
		LoadAssemblies (2809ms)
		RebuildTransferFunctionScriptingTraits (0ms)
		AnalyzeDomain (1456ms)
			TypeCache.Refresh (117ms)
				TypeCache.ScanAssembly (4ms)
			BuildScriptInfoCaches (1286ms)
			ResolveRequiredComponents (23ms)
	FinalizeReload (2936ms)
		ReleaseScriptCaches (0ms)
		RebuildScriptCaches (0ms)
		SetupLoadedEditorAssemblies (2384ms)
			LogAssemblyErrors (0ms)
			InitializePlatformSupportModulesInManaged (143ms)
			SetLoadedEditorAssemblies (9ms)
			BeforeProcessingInitializeOnLoad (415ms)
			ProcessInitializeOnLoadAttributes (1672ms)
			ProcessInitializeOnLoadMethodAttributes (139ms)
			AfterProcessingInitializeOnLoad (4ms)
			EditorAssembliesLoaded (1ms)
		ExecutionOrderSort2 (0ms)
		AwakeInstancesAfterBackupRestoration (21ms)
Refreshing native plugins compatible for Editor in 4.95 ms, found 6 plugins.
Preloading 4 native plugins for Editor in 25.68 ms.
Unloading 6 Unused Serialized files (Serialized files now loaded: 0)
Unloading 3881 unused Assets / (2.5 MB). Loaded Objects now: 4513.
Memory consumption went from 163.9 MB to 161.4 MB.
Total: 25.947992 ms (FindLiveObjects: 0.999839 ms CreateObjectMapping: 0.813367 ms MarkObjects: 16.909176 ms  DeleteObjects: 6.975198 ms)

Prepare: number of updated asset objects reloaded= 0
2025-11-03 14:37:36.085 Unity[7795:320351] HIToolbox: received notification of WindowServer event port death.
2025-11-03 14:37:36.088 Unity[7795:320351] port matched the WindowServer port created in BindCGSToRunLoop
[usbmuxd] Detached: 1 00008140-00026D810201801C
[usbmuxd] Detached: 1 00008140-00026D810201801C
[usbmuxd] Attached: 2 00008140-00026D810201801C
[usbmuxd] Attached: 2 00008140-00026D810201801C
[usbmuxd] Detached: 2 00008140-00026D810201801C
[usbmuxd] Detached: 2 00008140-00026D810201801C
AssetImportWorkerClient::OnTransportError - code=2 error=End of file
